<?xml version="1.0" encoding="UTF-8" ?>
<testsuite tests="49" failures="0" name="org.apache.commons.math3.random.RandomDataGeneratorTest" time="1.826" errors="0" skipped="0">
  <properties>
[...]
</properties>
  <testcase classname="org.apache.commons.math3.random.RandomDataGeneratorTest" name="testNextPermutation" time="0"/>
  <testcase classname="org.apache.commons.math3.random.RandomDataGeneratorTest" name="testNextInversionDeviate" time="0"/>
  <testcase classname="org.apache.commons.math3.random.RandomDataGeneratorTest" name="testNextBeta" time="0.004"/>
  <testcase classname="org.apache.commons.math3.random.RandomDataGeneratorTest" name="testNextCauchy" time="0"/>
  <testcase classname="org.apache.commons.math3.random.RandomDataGeneratorTest" name="testNextChiSquare" time="0.022"/>
  <testcase classname="org.apache.commons.math3.random.RandomDataGeneratorTest" name="testNextF" time="0.008"/>
  <testcase classname="org.apache.commons.math3.random.RandomDataGeneratorTest" name="testNextGamma" time="0.001"/>
  <testcase classname="org.apache.commons.math3.random.RandomDataGeneratorTest" name="testNextT" time="0.006"/>
  <testcase classname="org.apache.commons.math3.random.RandomDataGeneratorTest" name="testNextWeibull" time="0.001"/>
  <testcase classname="org.apache.commons.math3.random.RandomDataGeneratorTest" name="testNextBinomial" time="0.002"/>
  <testcase classname="org.apache.commons.math3.random.RandomDataGeneratorTest" name="testNextHypergeometric" time="0.002"/>
  <testcase classname="org.apache.commons.math3.random.RandomDataGeneratorTest" name="testNextPascal" time="0.002"/>
  <testcase classname="org.apache.commons.math3.random.RandomDataGeneratorTest" name="testNextZipf" time="0.009"/>
  <testcase classname="org.apache.commons.math3.random.RandomDataGeneratorTest" name="testReseed" time="0"/>
  <testcase classname="org.apache.commons.math3.random.RandomDataGeneratorTest" name="testNextSecureHex" time="0.042"/>
  <testcase classname="org.apache.commons.math3.random.RandomDataGeneratorTest" name="testNextSecureLongIAE" time="0"/>
  <testcase classname="org.apache.commons.math3.random.RandomDataGeneratorTest" name="testNextSecureLongNegativeToPositiveRange" time="0.007"/>
  <testcase classname="org.apache.commons.math3.random.RandomDataGeneratorTest" name="testNextSecureLongNegativeRange" time="0.006"/>
  <testcase classname="org.apache.commons.math3.random.RandomDataGeneratorTest" name="testNextSecureLongPositiveRange" time="0.005"/>
  <testcase classname="org.apache.commons.math3.random.RandomDataGeneratorTest" name="testNextSecureIntIAE" time="0"/>
  <testcase classname="org.apache.commons.math3.random.RandomDataGeneratorTest" name="testNextSecureIntNegativeToPositiveRange" time="0.006"/>
  <testcase classname="org.apache.commons.math3.random.RandomDataGeneratorTest" name="testNextSecureIntNegativeRange" time="0.005"/>
  <testcase classname="org.apache.commons.math3.random.RandomDataGeneratorTest" name="testNextSecureIntPositiveRange" time="0.007"/>
  <testcase classname="org.apache.commons.math3.random.RandomDataGeneratorTest" name="testNextIntExtremeValues" time="0"/>
  <testcase classname="org.apache.commons.math3.random.RandomDataGeneratorTest" name="testNextLongExtremeValues" time="0"/>
  <testcase classname="org.apache.commons.math3.random.RandomDataGeneratorTest" name="testNextUniformExtremeValues" time="0"/>
  <testcase classname="org.apache.commons.math3.random.RandomDataGeneratorTest" name="testNextIntIAE" time="0"/>
  <testcase classname="org.apache.commons.math3.random.RandomDataGeneratorTest" name="testNextIntNegativeToPositiveRange" time="0.001"/>
  <testcase classname="org.apache.commons.math3.random.RandomDataGeneratorTest" name="testNextIntNegativeRange" time="0.002"/>
  <testcase classname="org.apache.commons.math3.random.RandomDataGeneratorTest" name="testNextIntPositiveRange" time="0.002"/>
  <testcase classname="org.apache.commons.math3.random.RandomDataGeneratorTest" name="testNextIntWideRange" time="0.044"/>
  <testcase classname="org.apache.commons.math3.random.RandomDataGeneratorTest" name="testNextLongIAE" time="0"/>
  <testcase classname="org.apache.commons.math3.random.RandomDataGeneratorTest" name="testNextLongNegativeToPositiveRange" time="0.001"/>
  <testcase classname="org.apache.commons.math3.random.RandomDataGeneratorTest" name="testNextLongNegativeRange" time="0.003"/>
  <testcase classname="org.apache.commons.math3.random.RandomDataGeneratorTest" name="testNextLongPositiveRange" time="0.004"/>
  <testcase classname="org.apache.commons.math3.random.RandomDataGeneratorTest" name="testNextLongWideRange" time="0.562"/>
  <testcase classname="org.apache.commons.math3.random.RandomDataGeneratorTest" name="testNextPoisson" time="0.004"/>
  <testcase classname="org.apache.commons.math3.random.RandomDataGeneratorTest" name="testNextPoissonConsistency" time="1.05"/>
  <testcase classname="org.apache.commons.math3.random.RandomDataGeneratorTest" name="testNextHex" time="0.011"/>
  <testcase classname="org.apache.commons.math3.random.RandomDataGeneratorTest" name="testNextUniformIAE" time="0"/>
  <testcase classname="org.apache.commons.math3.random.RandomDataGeneratorTest" name="testNextUniformUniformPositiveBounds" time="0"/>
  <testcase classname="org.apache.commons.math3.random.RandomDataGeneratorTest" name="testNextUniformUniformNegativeToPositiveBounds" time="0.001"/>
  <testcase classname="org.apache.commons.math3.random.RandomDataGeneratorTest" name="testNextUniformUniformNegaiveBounds" time="0.001"/>
  <testcase classname="org.apache.commons.math3.random.RandomDataGeneratorTest" name="testNextUniformUniformMaximalInterval" time="0.001"/>
  <testcase classname="org.apache.commons.math3.random.RandomDataGeneratorTest" name="testNextUniformExclusiveEndpoints" time="0"/>
  <testcase classname="org.apache.commons.math3.random.RandomDataGeneratorTest" name="testNextGaussian" time="0.001"/>
  <testcase classname="org.apache.commons.math3.random.RandomDataGeneratorTest" name="testNextExponential" time="0.001"/>
  <testcase classname="org.apache.commons.math3.random.RandomDataGeneratorTest" name="testConfig" time="0.001"/>
  <testcase classname="org.apache.commons.math3.random.RandomDataGeneratorTest" name="testNextSample" time="0.001"/>
</testsuite>