<?xml version="1.0" encoding="UTF-8" ?>
<testsuite tests="48" failures="0" name="org.apache.commons.math3.util.FastMathTest" time="6.806" errors="0" skipped="1">
  <properties>
[...]
</properties>
  <testcase classname="org.apache.commons.math3.util.FastMathTest" name="testMinMaxDouble" time="0.286"/>
  <testcase classname="org.apache.commons.math3.util.FastMathTest" name="testMinMaxFloat" time="0.001"/>
  <testcase classname="org.apache.commons.math3.util.FastMathTest" name="testConstants" time="0.001"/>
  <testcase classname="org.apache.commons.math3.util.FastMathTest" name="testHyperbolic" time="0.056"/>
  <testcase classname="org.apache.commons.math3.util.FastMathTest" name="testMath904" time="0.001"/>
  <testcase classname="org.apache.commons.math3.util.FastMathTest" name="testMath905LargePositive" time="0.002"/>
  <testcase classname="org.apache.commons.math3.util.FastMathTest" name="testMath905LargeNegative" time="0.001"/>
  <testcase classname="org.apache.commons.math3.util.FastMathTest" name="testHyperbolicInverses" time="0.017"/>
  <testcase classname="org.apache.commons.math3.util.FastMathTest" name="testLogAccuracy" time="0.274"/>
  <testcase classname="org.apache.commons.math3.util.FastMathTest" name="testLog10Accuracy" time="0.225"/>
  <testcase classname="org.apache.commons.math3.util.FastMathTest" name="testLog1pAccuracy" time="0.065"/>
  <testcase classname="org.apache.commons.math3.util.FastMathTest" name="testPowAccuracy" time="0.179"/>
  <testcase classname="org.apache.commons.math3.util.FastMathTest" name="testAtan2" time="0.001"/>
  <testcase classname="org.apache.commons.math3.util.FastMathTest" name="testLog1pSpecialCases" time="0.001"/>
  <testcase classname="org.apache.commons.math3.util.FastMathTest" name="testLogSpecialCases" time="0"/>
  <testcase classname="org.apache.commons.math3.util.FastMathTest" name="testExpSpecialCases" time="0"/>
  <testcase classname="org.apache.commons.math3.util.FastMathTest" name="testPowSpecialCases" time="0.001"/>
  <testcase classname="org.apache.commons.math3.util.FastMathTest" name="testAtan2SpecialCases" time="0"/>
  <testcase classname="org.apache.commons.math3.util.FastMathTest" name="testExpAccuracy" time="0.107"/>
  <testcase classname="org.apache.commons.math3.util.FastMathTest" name="testSinAccuracy" time="0.052"/>
  <testcase classname="org.apache.commons.math3.util.FastMathTest" name="testCosAccuracy" time="0.039"/>
  <testcase classname="org.apache.commons.math3.util.FastMathTest" name="testTanAccuracy" time="0.073"/>
  <testcase classname="org.apache.commons.math3.util.FastMathTest" name="testAtanAccuracy" time="0.061"/>
  <testcase classname="org.apache.commons.math3.util.FastMathTest" name="testAtan2Accuracy" time="0.073"/>
  <testcase classname="org.apache.commons.math3.util.FastMathTest" name="testExpm1Accuracy" time="0.043"/>
  <testcase classname="org.apache.commons.math3.util.FastMathTest" name="testAsinAccuracy" time="0.765"/>
  <testcase classname="org.apache.commons.math3.util.FastMathTest" name="testAcosAccuracy" time="0.845"/>
  <testcase classname="org.apache.commons.math3.util.FastMathTest" name="testAcosSpecialCases" time="0"/>
  <testcase classname="org.apache.commons.math3.util.FastMathTest" name="testAsinSpecialCases" time="0"/>
  <testcase classname="org.apache.commons.math3.util.FastMathTest" name="testSinhAccuracy" time="0.649"/>
  <testcase classname="org.apache.commons.math3.util.FastMathTest" name="testCoshAccuracy" time="0.705"/>
  <testcase classname="org.apache.commons.math3.util.FastMathTest" name="testTanhAccuracy" time="1.409"/>
  <testcase classname="org.apache.commons.math3.util.FastMathTest" name="testCbrtAccuracy" time="0.821"/>
  <testcase classname="org.apache.commons.math3.util.FastMathTest" name="testToDegrees" time="0.019"/>
  <testcase classname="org.apache.commons.math3.util.FastMathTest" name="testToRadians" time="0.02"/>
  <testcase classname="org.apache.commons.math3.util.FastMathTest" name="testNextAfter" time="0"/>
  <testcase classname="org.apache.commons.math3.util.FastMathTest" name="testDoubleNextAfterSpecialCases" time="0"/>
  <testcase classname="org.apache.commons.math3.util.FastMathTest" name="testFloatNextAfterSpecialCases" time="0"/>
  <testcase classname="org.apache.commons.math3.util.FastMathTest" name="testDoubleScalbSpecialCases" time="0.001"/>
  <testcase classname="org.apache.commons.math3.util.FastMathTest" name="testFloatScalbSpecialCases" time="0"/>
  <testcase classname="org.apache.commons.math3.util.FastMathTest" name="checkMissingFastMathClasses" time="0"/>
  <testcase classname="org.apache.commons.math3.util.FastMathTest" name="checkExtraFastMathClasses" time="0.002">
    <skipped/>
  </testcase>
  <testcase classname="org.apache.commons.math3.util.FastMathTest" name="testSignumDouble" time="0"/>
  <testcase classname="org.apache.commons.math3.util.FastMathTest" name="testSignumFloat" time="0.001"/>
  <testcase classname="org.apache.commons.math3.util.FastMathTest" name="testLogWithBase" time="0"/>
  <testcase classname="org.apache.commons.math3.util.FastMathTest" name="testIndicatorDouble" time="0"/>
  <testcase classname="org.apache.commons.math3.util.FastMathTest" name="testIndicatorFloat" time="0"/>
  <testcase classname="org.apache.commons.math3.util.FastMathTest" name="testIntPow" time="0.01"/>
</testsuite>