<?xml version="1.0" encoding="UTF-8" ?>
<testsuite tests="63" failures="0" name="org.apache.commons.math3.random.Well19937cTest" time="2.276" errors="0" skipped="0">
  <properties>
[...]
</properties>
  <testcase classname="org.apache.commons.math3.random.Well19937cTest" name="testReferenceCode" time="0.001"/>
  <testcase classname="org.apache.commons.math3.random.Well19937cTest" name="testNextIntDirect" time="0.672"/>
  <testcase classname="org.apache.commons.math3.random.Well19937cTest" name="testNextIntIAE2" time="0"/>
  <testcase classname="org.apache.commons.math3.random.Well19937cTest" name="testNextLongDirect" time="0.001"/>
  <testcase classname="org.apache.commons.math3.random.Well19937cTest" name="testNextBooleanDirect" time="0"/>
  <testcase classname="org.apache.commons.math3.random.Well19937cTest" name="testNextFloatDirect" time="0"/>
  <testcase classname="org.apache.commons.math3.random.Well19937cTest" name="testDoubleDirect" time="0.001"/>
  <testcase classname="org.apache.commons.math3.random.Well19937cTest" name="testFloatDirect" time="0"/>
  <testcase classname="org.apache.commons.math3.random.Well19937cTest" name="testNextIntNeg" time="0"/>
  <testcase classname="org.apache.commons.math3.random.Well19937cTest" name="testNextInt2" time="0.001"/>
  <testcase classname="org.apache.commons.math3.random.Well19937cTest" name="testNextLong2" time="0"/>
  <testcase classname="org.apache.commons.math3.random.Well19937cTest" name="testNexBoolean2" time="0"/>
  <testcase classname="org.apache.commons.math3.random.Well19937cTest" name="testNexBytes" time="0.005"/>
  <testcase classname="org.apache.commons.math3.random.Well19937cTest" name="testSeeding" time="0"/>
  <testcase classname="org.apache.commons.math3.random.Well19937cTest" name="testNextPermutation" time="0"/>
  <testcase classname="org.apache.commons.math3.random.Well19937cTest" name="testNextInversionDeviate" time="0"/>
  <testcase classname="org.apache.commons.math3.random.Well19937cTest" name="testNextBeta" time="0.004"/>
  <testcase classname="org.apache.commons.math3.random.Well19937cTest" name="testNextCauchy" time="0.001"/>
  <testcase classname="org.apache.commons.math3.random.Well19937cTest" name="testNextChiSquare" time="0.011"/>
  <testcase classname="org.apache.commons.math3.random.Well19937cTest" name="testNextF" time="0.009"/>
  <testcase classname="org.apache.commons.math3.random.Well19937cTest" name="testNextGamma" time="0.001"/>
  <testcase classname="org.apache.commons.math3.random.Well19937cTest" name="testNextT" time="0.007"/>
  <testcase classname="org.apache.commons.math3.random.Well19937cTest" name="testNextWeibull" time="0"/>
  <testcase classname="org.apache.commons.math3.random.Well19937cTest" name="testNextBinomial" time="0.003"/>
  <testcase classname="org.apache.commons.math3.random.Well19937cTest" name="testNextHypergeometric" time="0.002"/>
  <testcase classname="org.apache.commons.math3.random.Well19937cTest" name="testNextPascal" time="0.002"/>
  <testcase classname="org.apache.commons.math3.random.Well19937cTest" name="testNextZipf" time="0.009"/>
  <testcase classname="org.apache.commons.math3.random.Well19937cTest" name="testReseed" time="0"/>
  <testcase classname="org.apache.commons.math3.random.Well19937cTest" name="testNextSecureHex" time="0"/>
  <testcase classname="org.apache.commons.math3.random.Well19937cTest" name="testNextSecureLongIAE" time="0"/>
  <testcase classname="org.apache.commons.math3.random.Well19937cTest" name="testNextSecureLongNegativeToPositiveRange" time="0"/>
  <testcase classname="org.apache.commons.math3.random.Well19937cTest" name="testNextSecureLongNegativeRange" time="0"/>
  <testcase classname="org.apache.commons.math3.random.Well19937cTest" name="testNextSecureLongPositiveRange" time="0"/>
  <testcase classname="org.apache.commons.math3.random.Well19937cTest" name="testNextSecureIntIAE" time="0"/>
  <testcase classname="org.apache.commons.math3.random.Well19937cTest" name="testNextSecureIntNegativeToPositiveRange" time="0.001"/>
  <testcase classname="org.apache.commons.math3.random.Well19937cTest" name="testNextSecureIntNegativeRange" time="0"/>
  <testcase classname="org.apache.commons.math3.random.Well19937cTest" name="testNextSecureIntPositiveRange" time="0"/>
  <testcase classname="org.apache.commons.math3.random.Well19937cTest" name="testNextIntExtremeValues" time="0"/>
  <testcase classname="org.apache.commons.math3.random.Well19937cTest" name="testNextLongExtremeValues" time="0"/>
  <testcase classname="org.apache.commons.math3.random.Well19937cTest" name="testNextUniformExtremeValues" time="0"/>
  <testcase classname="org.apache.commons.math3.random.Well19937cTest" name="testNextIntIAE" time="0"/>
  <testcase classname="org.apache.commons.math3.random.Well19937cTest" name="testNextIntNegativeToPositiveRange" time="0.001"/>
  <testcase classname="org.apache.commons.math3.random.Well19937cTest" name="testNextIntNegativeRange" time="0.002"/>
  <testcase classname="org.apache.commons.math3.random.Well19937cTest" name="testNextIntPositiveRange" time="0.001"/>
  <testcase classname="org.apache.commons.math3.random.Well19937cTest" name="testNextIntWideRange" time="0.038"/>
  <testcase classname="org.apache.commons.math3.random.Well19937cTest" name="testNextLongIAE" time="0"/>
  <testcase classname="org.apache.commons.math3.random.Well19937cTest" name="testNextLongNegativeToPositiveRange" time="0.002"/>
  <testcase classname="org.apache.commons.math3.random.Well19937cTest" name="testNextLongNegativeRange" time="0.004"/>
  <testcase classname="org.apache.commons.math3.random.Well19937cTest" name="testNextLongPositiveRange" time="0.005"/>
  <testcase classname="org.apache.commons.math3.random.Well19937cTest" name="testNextLongWideRange" time="0.48"/>
  <testcase classname="org.apache.commons.math3.random.Well19937cTest" name="testNextPoisson" time="0.003"/>
  <testcase classname="org.apache.commons.math3.random.Well19937cTest" name="testNextPoissonConsistency" time="0.993"/>
  <testcase classname="org.apache.commons.math3.random.Well19937cTest" name="testNextHex" time="0.01"/>
  <testcase classname="org.apache.commons.math3.random.Well19937cTest" name="testNextUniformIAE" time="0"/>
  <testcase classname="org.apache.commons.math3.random.Well19937cTest" name="testNextUniformUniformPositiveBounds" time="0.001"/>
  <testcase classname="org.apache.commons.math3.random.Well19937cTest" name="testNextUniformUniformNegativeToPositiveBounds" time="0.001"/>
  <testcase classname="org.apache.commons.math3.random.Well19937cTest" name="testNextUniformUniformNegaiveBounds" time="0"/>
  <testcase classname="org.apache.commons.math3.random.Well19937cTest" name="testNextUniformUniformMaximalInterval" time="0"/>
  <testcase classname="org.apache.commons.math3.random.Well19937cTest" name="testNextUniformExclusiveEndpoints" time="0.001"/>
  <testcase classname="org.apache.commons.math3.random.Well19937cTest" name="testNextGaussian" time="0"/>
  <testcase classname="org.apache.commons.math3.random.Well19937cTest" name="testNextExponential" time="0"/>
  <testcase classname="org.apache.commons.math3.random.Well19937cTest" name="testConfig" time="0.001"/>
  <testcase classname="org.apache.commons.math3.random.Well19937cTest" name="testNextSample" time="0.002"/>
</testsuite>