<?xml version="1.0" encoding="UTF-8" ?>
<testsuite tests="48" failures="0" name="org.apache.commons.math3.linear.BlockRealMatrixTest" time="0.13" errors="0" skipped="0">
  <properties>
[...]
</properties>
  <testcase classname="org.apache.commons.math3.linear.BlockRealMatrixTest" name="testNorm" time="0"/>
  <testcase classname="org.apache.commons.math3.linear.BlockRealMatrixTest" name="testToString" time="0"/>
  <testcase classname="org.apache.commons.math3.linear.BlockRealMatrixTest" name="testSerial" time="0.002"/>
  <testcase classname="org.apache.commons.math3.linear.BlockRealMatrixTest" name="testAdd" time="0"/>
  <testcase classname="org.apache.commons.math3.linear.BlockRealMatrixTest" name="testScalarAdd" time="0.001"/>
  <testcase classname="org.apache.commons.math3.linear.BlockRealMatrixTest" name="testMultiply" time="0"/>
  <testcase classname="org.apache.commons.math3.linear.BlockRealMatrixTest" name="testEqualsAndHashCode" time="0"/>
  <testcase classname="org.apache.commons.math3.linear.BlockRealMatrixTest" name="testGetEntry" time="0"/>
  <testcase classname="org.apache.commons.math3.linear.BlockRealMatrixTest" name="testDimensions" time="0"/>
  <testcase classname="org.apache.commons.math3.linear.BlockRealMatrixTest" name="testCopyFunctions" time="0.002"/>
  <testcase classname="org.apache.commons.math3.linear.BlockRealMatrixTest" name="testAddFail" time="0"/>
  <testcase classname="org.apache.commons.math3.linear.BlockRealMatrixTest" name="testFrobeniusNorm" time="0"/>
  <testcase classname="org.apache.commons.math3.linear.BlockRealMatrixTest" name="testPlusMinus" time="0"/>
  <testcase classname="org.apache.commons.math3.linear.BlockRealMatrixTest" name="testSeveralBlocks" time="0.019"/>
  <testcase classname="org.apache.commons.math3.linear.BlockRealMatrixTest" name="testMultiply2" time="0"/>
  <testcase classname="org.apache.commons.math3.linear.BlockRealMatrixTest" name="testTrace" time="0"/>
  <testcase classname="org.apache.commons.math3.linear.BlockRealMatrixTest" name="testOperate" time="0.001"/>
  <testcase classname="org.apache.commons.math3.linear.BlockRealMatrixTest" name="testOperateLarge" time="0.022"/>
  <testcase classname="org.apache.commons.math3.linear.BlockRealMatrixTest" name="testOperatePremultiplyLarge" time="0.028"/>
  <testcase classname="org.apache.commons.math3.linear.BlockRealMatrixTest" name="testMath209" time="0"/>
  <testcase classname="org.apache.commons.math3.linear.BlockRealMatrixTest" name="testTranspose" time="0"/>
  <testcase classname="org.apache.commons.math3.linear.BlockRealMatrixTest" name="testPremultiplyVector" time="0"/>
  <testcase classname="org.apache.commons.math3.linear.BlockRealMatrixTest" name="testPremultiply" time="0"/>
  <testcase classname="org.apache.commons.math3.linear.BlockRealMatrixTest" name="testGetVectors" time="0"/>
  <testcase classname="org.apache.commons.math3.linear.BlockRealMatrixTest" name="testExamples" time="0"/>
  <testcase classname="org.apache.commons.math3.linear.BlockRealMatrixTest" name="testGetSubMatrix" time="0.001"/>
  <testcase classname="org.apache.commons.math3.linear.BlockRealMatrixTest" name="testGetSetMatrixLarge" time="0.009"/>
  <testcase classname="org.apache.commons.math3.linear.BlockRealMatrixTest" name="testCopySubMatrix" time="0.001"/>
  <testcase classname="org.apache.commons.math3.linear.BlockRealMatrixTest" name="testGetRowMatrix" time="0"/>
  <testcase classname="org.apache.commons.math3.linear.BlockRealMatrixTest" name="testSetRowMatrix" time="0"/>
  <testcase classname="org.apache.commons.math3.linear.BlockRealMatrixTest" name="testGetSetRowMatrixLarge" time="0.004"/>
  <testcase classname="org.apache.commons.math3.linear.BlockRealMatrixTest" name="testGetColumnMatrix" time="0.001"/>
  <testcase classname="org.apache.commons.math3.linear.BlockRealMatrixTest" name="testSetColumnMatrix" time="0"/>
  <testcase classname="org.apache.commons.math3.linear.BlockRealMatrixTest" name="testGetSetColumnMatrixLarge" time="0.004"/>
  <testcase classname="org.apache.commons.math3.linear.BlockRealMatrixTest" name="testGetRowVector" time="0.001"/>
  <testcase classname="org.apache.commons.math3.linear.BlockRealMatrixTest" name="testSetRowVector" time="0"/>
  <testcase classname="org.apache.commons.math3.linear.BlockRealMatrixTest" name="testGetSetRowVectorLarge" time="0.004"/>
  <testcase classname="org.apache.commons.math3.linear.BlockRealMatrixTest" name="testGetColumnVector" time="0.001"/>
  <testcase classname="org.apache.commons.math3.linear.BlockRealMatrixTest" name="testSetColumnVector" time="0"/>
  <testcase classname="org.apache.commons.math3.linear.BlockRealMatrixTest" name="testGetSetColumnVectorLarge" time="0.005"/>
  <testcase classname="org.apache.commons.math3.linear.BlockRealMatrixTest" name="testGetRow" time="0"/>
  <testcase classname="org.apache.commons.math3.linear.BlockRealMatrixTest" name="testSetRow" time="0"/>
  <testcase classname="org.apache.commons.math3.linear.BlockRealMatrixTest" name="testGetSetRowLarge" time="0.003"/>
  <testcase classname="org.apache.commons.math3.linear.BlockRealMatrixTest" name="testGetColumn" time="0.001"/>
  <testcase classname="org.apache.commons.math3.linear.BlockRealMatrixTest" name="testSetColumn" time="0"/>
  <testcase classname="org.apache.commons.math3.linear.BlockRealMatrixTest" name="testGetSetColumnLarge" time="0.003"/>
  <testcase classname="org.apache.commons.math3.linear.BlockRealMatrixTest" name="testSetSubMatrix" time="0"/>
  <testcase classname="org.apache.commons.math3.linear.BlockRealMatrixTest" name="testWalk" time="0.017"/>
</testsuite>