<?xml version="1.0" encoding="UTF-8" ?>
<testsuite tests="106" failures="0" name="org.apache.commons.math3.linear.SparseRealVectorTest" time="0.274" errors="0" skipped="8">
  <properties>
[...]
</properties>
  <testcase classname="org.apache.commons.math3.linear.SparseRealVectorTest" name="testConcurrentModification" time="0"/>
  <testcase classname="org.apache.commons.math3.linear.SparseRealVectorTest" name="testConstructors" time="0.003"/>
  <testcase classname="org.apache.commons.math3.linear.SparseRealVectorTest" name="testMap" time="0.004">
    <skipped message="This test is skipped until MATH-821 is fixed"/>
  </testcase>
  <testcase classname="org.apache.commons.math3.linear.SparseRealVectorTest" name="testMapToSelf" time="0.004">
    <skipped message="This test is skipped until MATH-821 is fixed"/>
  </testcase>
  <testcase classname="org.apache.commons.math3.linear.SparseRealVectorTest" name="testSet" time="0"/>
  <testcase classname="org.apache.commons.math3.linear.SparseRealVectorTest" name="testSerial" time="0.004"/>
  <testcase classname="org.apache.commons.math3.linear.SparseRealVectorTest" name="testIsInfinite" time="0"/>
  <testcase classname="org.apache.commons.math3.linear.SparseRealVectorTest" name="testIsNaN" time="0"/>
  <testcase classname="org.apache.commons.math3.linear.SparseRealVectorTest" name="testEquals" time="0.001"/>
  <testcase classname="org.apache.commons.math3.linear.SparseRealVectorTest" name="testCopy" time="0"/>
  <testcase classname="org.apache.commons.math3.linear.SparseRealVectorTest" name="testIterator" time="0.002"/>
  <testcase classname="org.apache.commons.math3.linear.SparseRealVectorTest" name="testMinMax" time="0.001"/>
  <testcase classname="org.apache.commons.math3.linear.SparseRealVectorTest" name="testGetDistanceMixedTypes" time="0"/>
  <testcase classname="org.apache.commons.math3.linear.SparseRealVectorTest" name="testGetDistanceDimensionMismatch" time="0.001"/>
  <testcase classname="org.apache.commons.math3.linear.SparseRealVectorTest" name="testGetNorm" time="0.001"/>
  <testcase classname="org.apache.commons.math3.linear.SparseRealVectorTest" name="testGetL1DistanceSameType" time="0"/>
  <testcase classname="org.apache.commons.math3.linear.SparseRealVectorTest" name="testGetL1DistanceMixedTypes" time="0"/>
  <testcase classname="org.apache.commons.math3.linear.SparseRealVectorTest" name="testGetL1DistanceDimensionMismatch" time="0"/>
  <testcase classname="org.apache.commons.math3.linear.SparseRealVectorTest" name="testGetL1Norm" time="0"/>
  <testcase classname="org.apache.commons.math3.linear.SparseRealVectorTest" name="testGetLInfDistanceSameType" time="0"/>
  <testcase classname="org.apache.commons.math3.linear.SparseRealVectorTest" name="testGetLInfDistanceMixedTypes" time="0"/>
  <testcase classname="org.apache.commons.math3.linear.SparseRealVectorTest" name="testGetLInfDistanceDimensionMismatch" time="0.001"/>
  <testcase classname="org.apache.commons.math3.linear.SparseRealVectorTest" name="testGetLInfNorm" time="0.006"/>
  <testcase classname="org.apache.commons.math3.linear.SparseRealVectorTest" name="testMapAdd" time="0"/>
  <testcase classname="org.apache.commons.math3.linear.SparseRealVectorTest" name="testMapAddToSelf" time="0"/>
  <testcase classname="org.apache.commons.math3.linear.SparseRealVectorTest" name="testMapSubtract" time="0.001"/>
  <testcase classname="org.apache.commons.math3.linear.SparseRealVectorTest" name="testMapSubtractToSelf" time="0"/>
  <testcase classname="org.apache.commons.math3.linear.SparseRealVectorTest" name="testMapMultiply" time="0.001"/>
  <testcase classname="org.apache.commons.math3.linear.SparseRealVectorTest" name="testMapMultiplyToSelf" time="0.004"/>
  <testcase classname="org.apache.commons.math3.linear.SparseRealVectorTest" name="testMapDivide" time="0"/>
  <testcase classname="org.apache.commons.math3.linear.SparseRealVectorTest" name="testMapDivideToSelf" time="0"/>
  <testcase classname="org.apache.commons.math3.linear.SparseRealVectorTest" name="testOuterProductSameType" time="0.001"/>
  <testcase classname="org.apache.commons.math3.linear.SparseRealVectorTest" name="testOuterProductMixedTypes" time="0.002"/>
  <testcase classname="org.apache.commons.math3.linear.SparseRealVectorTest" name="testProjectionSameType" time="0"/>
  <testcase classname="org.apache.commons.math3.linear.SparseRealVectorTest" name="testProjectionMixedTypes" time="0"/>
  <testcase classname="org.apache.commons.math3.linear.SparseRealVectorTest" name="testProjectionNullVector" time="0.001"/>
  <testcase classname="org.apache.commons.math3.linear.SparseRealVectorTest" name="testProjectionDimensionMismatch" time="0"/>
  <testcase classname="org.apache.commons.math3.linear.SparseRealVectorTest" name="testToArray" time="0"/>
  <testcase classname="org.apache.commons.math3.linear.SparseRealVectorTest" name="testUnitVector" time="0"/>
  <testcase classname="org.apache.commons.math3.linear.SparseRealVectorTest" name="testUnitize" time="0.001"/>
  <testcase classname="org.apache.commons.math3.linear.SparseRealVectorTest" name="testUnitVectorNullVector" time="0"/>
  <testcase classname="org.apache.commons.math3.linear.SparseRealVectorTest" name="testUnitizeNullVector" time="0.002"/>
  <testcase classname="org.apache.commons.math3.linear.SparseRealVectorTest" name="testCombineSameType" time="0.044"/>
  <testcase classname="org.apache.commons.math3.linear.SparseRealVectorTest" name="testCombineMixedTypes" time="0.029"/>
  <testcase classname="org.apache.commons.math3.linear.SparseRealVectorTest" name="testCombineDimensionMismatchSameType" time="0.001"/>
  <testcase classname="org.apache.commons.math3.linear.SparseRealVectorTest" name="testCombineDimensionMismatchMixedTypes" time="0"/>
  <testcase classname="org.apache.commons.math3.linear.SparseRealVectorTest" name="testCombineToSelfSameType" time="0.038"/>
  <testcase classname="org.apache.commons.math3.linear.SparseRealVectorTest" name="testCombineToSelfMixedTypes" time="0.036"/>
  <testcase classname="org.apache.commons.math3.linear.SparseRealVectorTest" name="testCombineToSelfDimensionMismatchSameType" time="0"/>
  <testcase classname="org.apache.commons.math3.linear.SparseRealVectorTest" name="testCombineToSelfDimensionMismatchMixedTypes" time="0"/>
  <testcase classname="org.apache.commons.math3.linear.SparseRealVectorTest" name="testDotProductSameType" time="0.002"/>
  <testcase classname="org.apache.commons.math3.linear.SparseRealVectorTest" name="testDotProductDimensionMismatchSameType" time="0"/>
  <testcase classname="org.apache.commons.math3.linear.SparseRealVectorTest" name="testDotProductMixedTypes" time="0.001"/>
  <testcase classname="org.apache.commons.math3.linear.SparseRealVectorTest" name="testDotProductDimensionMismatchMixedTypes" time="0"/>
  <testcase classname="org.apache.commons.math3.linear.SparseRealVectorTest" name="testCosineSameType" time="0"/>
  <testcase classname="org.apache.commons.math3.linear.SparseRealVectorTest" name="testCosineMixedTypes" time="0"/>
  <testcase classname="org.apache.commons.math3.linear.SparseRealVectorTest" name="testCosineLeftNullVector" time="0"/>
  <testcase classname="org.apache.commons.math3.linear.SparseRealVectorTest" name="testCosineRightNullVector" time="0"/>
  <testcase classname="org.apache.commons.math3.linear.SparseRealVectorTest" name="testCosineDimensionMismatch" time="0.001"/>
  <testcase classname="org.apache.commons.math3.linear.SparseRealVectorTest" name="testWalkInDefaultOrderPreservingVisitor1" time="0.001"/>
  <testcase classname="org.apache.commons.math3.linear.SparseRealVectorTest" name="testWalkInDefaultOrderPreservingVisitor2" time="0.002"/>
  <testcase classname="org.apache.commons.math3.linear.SparseRealVectorTest" name="testWalkInDefaultOrderPreservingVisitor3" time="0.001"/>
  <testcase classname="org.apache.commons.math3.linear.SparseRealVectorTest" name="testWalkInOptimizedOrderPreservingVisitor1" time="0.001"/>
  <testcase classname="org.apache.commons.math3.linear.SparseRealVectorTest" name="testWalkInOptimizedOrderPreservingVisitor2" time="0.001"/>
  <testcase classname="org.apache.commons.math3.linear.SparseRealVectorTest" name="testWalkInOptimizedOrderPreservingVisitor3" time="0.001"/>
  <testcase classname="org.apache.commons.math3.linear.SparseRealVectorTest" name="testWalkInDefaultOrderChangingVisitor1" time="0.001"/>
  <testcase classname="org.apache.commons.math3.linear.SparseRealVectorTest" name="testWalkInDefaultOrderChangingVisitor2" time="0.002"/>
  <testcase classname="org.apache.commons.math3.linear.SparseRealVectorTest" name="testWalkInDefaultOrderChangingVisitor3" time="0.002"/>
  <testcase classname="org.apache.commons.math3.linear.SparseRealVectorTest" name="testWalkInOptimizedOrderChangingVisitor1" time="0.001"/>
  <testcase classname="org.apache.commons.math3.linear.SparseRealVectorTest" name="testWalkInOptimizedOrderChangingVisitor2" time="0.001"/>
  <testcase classname="org.apache.commons.math3.linear.SparseRealVectorTest" name="testWalkInOptimizedOrderChangingVisitor3" time="0.001"/>
  <testcase classname="org.apache.commons.math3.linear.SparseRealVectorTest" name="testGetDimension" time="0"/>
  <testcase classname="org.apache.commons.math3.linear.SparseRealVectorTest" name="testGetEntry" time="0"/>
  <testcase classname="org.apache.commons.math3.linear.SparseRealVectorTest" name="testGetEntryInvalidIndex1" time="0"/>
  <testcase classname="org.apache.commons.math3.linear.SparseRealVectorTest" name="testGetEntryInvalidIndex2" time="0"/>
  <testcase classname="org.apache.commons.math3.linear.SparseRealVectorTest" name="testSetEntry" time="0"/>
  <testcase classname="org.apache.commons.math3.linear.SparseRealVectorTest" name="testSetEntryInvalidIndex1" time="0.001"/>
  <testcase classname="org.apache.commons.math3.linear.SparseRealVectorTest" name="testSetEntryInvalidIndex2" time="0"/>
  <testcase classname="org.apache.commons.math3.linear.SparseRealVectorTest" name="testAddToEntry" time="0"/>
  <testcase classname="org.apache.commons.math3.linear.SparseRealVectorTest" name="testAddToEntryInvalidIndex1" time="0"/>
  <testcase classname="org.apache.commons.math3.linear.SparseRealVectorTest" name="testAddToEntryInvalidIndex2" time="0"/>
  <testcase classname="org.apache.commons.math3.linear.SparseRealVectorTest" name="testAppendVector" time="0"/>
  <testcase classname="org.apache.commons.math3.linear.SparseRealVectorTest" name="testAppendScalar" time="0"/>
  <testcase classname="org.apache.commons.math3.linear.SparseRealVectorTest" name="testGetSubVector" time="0"/>
  <testcase classname="org.apache.commons.math3.linear.SparseRealVectorTest" name="testGetSubVectorInvalidIndex1" time="0.001"/>
  <testcase classname="org.apache.commons.math3.linear.SparseRealVectorTest" name="testGetSubVectorInvalidIndex2" time="0"/>
  <testcase classname="org.apache.commons.math3.linear.SparseRealVectorTest" name="testGetSubVectorInvalidIndex3" time="0"/>
  <testcase classname="org.apache.commons.math3.linear.SparseRealVectorTest" name="testGetSubVectorInvalidIndex4" time="0"/>
  <testcase classname="org.apache.commons.math3.linear.SparseRealVectorTest" name="testSetSubVectorSameType" time="0"/>
  <testcase classname="org.apache.commons.math3.linear.SparseRealVectorTest" name="testSetSubVectorMixedType" time="0"/>
  <testcase classname="org.apache.commons.math3.linear.SparseRealVectorTest" name="testSetSubVectorInvalidIndex1" time="0"/>
  <testcase classname="org.apache.commons.math3.linear.SparseRealVectorTest" name="testSetSubVectorInvalidIndex2" time="0"/>
  <testcase classname="org.apache.commons.math3.linear.SparseRealVectorTest" name="testSetSubVectorInvalidIndex3" time="0"/>
  <testcase classname="org.apache.commons.math3.linear.SparseRealVectorTest" name="testAddSameType" time="0.001"/>
  <testcase classname="org.apache.commons.math3.linear.SparseRealVectorTest" name="testAddMixedTypes" time="0.001"/>
  <testcase classname="org.apache.commons.math3.linear.SparseRealVectorTest" name="testAddDimensionMismatch" time="0.001"/>
  <testcase classname="org.apache.commons.math3.linear.SparseRealVectorTest" name="testSubtractSameType" time="0.001"/>
  <testcase classname="org.apache.commons.math3.linear.SparseRealVectorTest" name="testSubtractMixedTypes" time="0"/>
  <testcase classname="org.apache.commons.math3.linear.SparseRealVectorTest" name="testSubtractDimensionMismatch" time="0"/>
  <testcase classname="org.apache.commons.math3.linear.SparseRealVectorTest" name="testEbeMultiplySameType" time="0.005">
    <skipped message="ebeMultiply(RealVector) is known to be faulty (MATH-803) and is deprecated."/>
  </testcase>
  <testcase classname="org.apache.commons.math3.linear.SparseRealVectorTest" name="testEbeMultiplyMixedTypes" time="0.011">
    <skipped message="ebeMultiply(RealVector) is known to be faulty (MATH-803) and is deprecated."/>
  </testcase>
  <testcase classname="org.apache.commons.math3.linear.SparseRealVectorTest" name="testEbeMultiplyDimensionMismatch" time="0.011">
    <skipped message="ebeMultiply(RealVector) is known to be faulty (MATH-803) and is deprecated."/>
  </testcase>
  <testcase classname="org.apache.commons.math3.linear.SparseRealVectorTest" name="testEbeDivideSameType" time="0.011">
    <skipped message="ebeDivide(RealVector) is known to be faulty (MATH-803) and is deprecated."/>
  </testcase>
  <testcase classname="org.apache.commons.math3.linear.SparseRealVectorTest" name="testEbeDivideMixedTypes" time="0.011">
    <skipped message="ebeDivide(RealVector) is known to be faulty (MATH-803) and is deprecated."/>
  </testcase>
  <testcase classname="org.apache.commons.math3.linear.SparseRealVectorTest" name="testEbeDivideDimensionMismatch" time="0.011">
    <skipped message="ebeDivide(RealVector) is known to be faulty (MATH-803) and is deprecated."/>
  </testcase>
  <testcase classname="org.apache.commons.math3.linear.SparseRealVectorTest" name="testGetDistanceSameType" time="0"/>
</testsuite>