<?xml version="1.0" encoding="UTF-8" ?>
<testsuite tests="62" failures="0" name="org.apache.commons.math3.random.AbstractRandomGeneratorTest" time="2.234" errors="0" skipped="0">
  <properties>
[...]
</properties>
  <testcase classname="org.apache.commons.math3.random.AbstractRandomGeneratorTest" name="testNextIntDirect" time="0.609"/>
  <testcase classname="org.apache.commons.math3.random.AbstractRandomGeneratorTest" name="testNextIntIAE2" time="0"/>
  <testcase classname="org.apache.commons.math3.random.AbstractRandomGeneratorTest" name="testNextLongDirect" time="0"/>
  <testcase classname="org.apache.commons.math3.random.AbstractRandomGeneratorTest" name="testNextBooleanDirect" time="0"/>
  <testcase classname="org.apache.commons.math3.random.AbstractRandomGeneratorTest" name="testNextFloatDirect" time="0.001"/>
  <testcase classname="org.apache.commons.math3.random.AbstractRandomGeneratorTest" name="testDoubleDirect" time="0.001"/>
  <testcase classname="org.apache.commons.math3.random.AbstractRandomGeneratorTest" name="testFloatDirect" time="0"/>
  <testcase classname="org.apache.commons.math3.random.AbstractRandomGeneratorTest" name="testNextIntNeg" time="0"/>
  <testcase classname="org.apache.commons.math3.random.AbstractRandomGeneratorTest" name="testNextInt2" time="0.002"/>
  <testcase classname="org.apache.commons.math3.random.AbstractRandomGeneratorTest" name="testNextLong2" time="0"/>
  <testcase classname="org.apache.commons.math3.random.AbstractRandomGeneratorTest" name="testNexBoolean2" time="0.001"/>
  <testcase classname="org.apache.commons.math3.random.AbstractRandomGeneratorTest" name="testNexBytes" time="0.034"/>
  <testcase classname="org.apache.commons.math3.random.AbstractRandomGeneratorTest" name="testSeeding" time="0"/>
  <testcase classname="org.apache.commons.math3.random.AbstractRandomGeneratorTest" name="testNextPermutation" time="0.001"/>
  <testcase classname="org.apache.commons.math3.random.AbstractRandomGeneratorTest" name="testNextInversionDeviate" time="0"/>
  <testcase classname="org.apache.commons.math3.random.AbstractRandomGeneratorTest" name="testNextBeta" time="0.005"/>
  <testcase classname="org.apache.commons.math3.random.AbstractRandomGeneratorTest" name="testNextCauchy" time="0"/>
  <testcase classname="org.apache.commons.math3.random.AbstractRandomGeneratorTest" name="testNextChiSquare" time="0.013"/>
  <testcase classname="org.apache.commons.math3.random.AbstractRandomGeneratorTest" name="testNextF" time="0.008"/>
  <testcase classname="org.apache.commons.math3.random.AbstractRandomGeneratorTest" name="testNextGamma" time="0.002"/>
  <testcase classname="org.apache.commons.math3.random.AbstractRandomGeneratorTest" name="testNextT" time="0.005"/>
  <testcase classname="org.apache.commons.math3.random.AbstractRandomGeneratorTest" name="testNextWeibull" time="0.001"/>
  <testcase classname="org.apache.commons.math3.random.AbstractRandomGeneratorTest" name="testNextBinomial" time="0.002"/>
  <testcase classname="org.apache.commons.math3.random.AbstractRandomGeneratorTest" name="testNextHypergeometric" time="0.001"/>
  <testcase classname="org.apache.commons.math3.random.AbstractRandomGeneratorTest" name="testNextPascal" time="0.003"/>
  <testcase classname="org.apache.commons.math3.random.AbstractRandomGeneratorTest" name="testNextZipf" time="0.009"/>
  <testcase classname="org.apache.commons.math3.random.AbstractRandomGeneratorTest" name="testReseed" time="0"/>
  <testcase classname="org.apache.commons.math3.random.AbstractRandomGeneratorTest" name="testNextSecureHex" time="0"/>
  <testcase classname="org.apache.commons.math3.random.AbstractRandomGeneratorTest" name="testNextSecureLongIAE" time="0"/>
  <testcase classname="org.apache.commons.math3.random.AbstractRandomGeneratorTest" name="testNextSecureLongNegativeToPositiveRange" time="0"/>
  <testcase classname="org.apache.commons.math3.random.AbstractRandomGeneratorTest" name="testNextSecureLongNegativeRange" time="0"/>
  <testcase classname="org.apache.commons.math3.random.AbstractRandomGeneratorTest" name="testNextSecureLongPositiveRange" time="0"/>
  <testcase classname="org.apache.commons.math3.random.AbstractRandomGeneratorTest" name="testNextSecureIntIAE" time="0"/>
  <testcase classname="org.apache.commons.math3.random.AbstractRandomGeneratorTest" name="testNextSecureIntNegativeToPositiveRange" time="0"/>
  <testcase classname="org.apache.commons.math3.random.AbstractRandomGeneratorTest" name="testNextSecureIntNegativeRange" time="0"/>
  <testcase classname="org.apache.commons.math3.random.AbstractRandomGeneratorTest" name="testNextSecureIntPositiveRange" time="0"/>
  <testcase classname="org.apache.commons.math3.random.AbstractRandomGeneratorTest" name="testNextIntExtremeValues" time="0"/>
  <testcase classname="org.apache.commons.math3.random.AbstractRandomGeneratorTest" name="testNextLongExtremeValues" time="0"/>
  <testcase classname="org.apache.commons.math3.random.AbstractRandomGeneratorTest" name="testNextUniformExtremeValues" time="0"/>
  <testcase classname="org.apache.commons.math3.random.AbstractRandomGeneratorTest" name="testNextIntIAE" time="0"/>
  <testcase classname="org.apache.commons.math3.random.AbstractRandomGeneratorTest" name="testNextIntNegativeToPositiveRange" time="0.001"/>
  <testcase classname="org.apache.commons.math3.random.AbstractRandomGeneratorTest" name="testNextIntNegativeRange" time="0.001"/>
  <testcase classname="org.apache.commons.math3.random.AbstractRandomGeneratorTest" name="testNextIntPositiveRange" time="0.001"/>
  <testcase classname="org.apache.commons.math3.random.AbstractRandomGeneratorTest" name="testNextIntWideRange" time="0.057"/>
  <testcase classname="org.apache.commons.math3.random.AbstractRandomGeneratorTest" name="testNextLongIAE" time="0"/>
  <testcase classname="org.apache.commons.math3.random.AbstractRandomGeneratorTest" name="testNextLongNegativeToPositiveRange" time="0.002"/>
  <testcase classname="org.apache.commons.math3.random.AbstractRandomGeneratorTest" name="testNextLongNegativeRange" time="0.003"/>
  <testcase classname="org.apache.commons.math3.random.AbstractRandomGeneratorTest" name="testNextLongPositiveRange" time="0.003"/>
  <testcase classname="org.apache.commons.math3.random.AbstractRandomGeneratorTest" name="testNextLongWideRange" time="0.484"/>
  <testcase classname="org.apache.commons.math3.random.AbstractRandomGeneratorTest" name="testNextPoisson" time="0.004"/>
  <testcase classname="org.apache.commons.math3.random.AbstractRandomGeneratorTest" name="testNextPoissonConsistency" time="0.967"/>
  <testcase classname="org.apache.commons.math3.random.AbstractRandomGeneratorTest" name="testNextHex" time="0.01"/>
  <testcase classname="org.apache.commons.math3.random.AbstractRandomGeneratorTest" name="testNextUniformIAE" time="0"/>
  <testcase classname="org.apache.commons.math3.random.AbstractRandomGeneratorTest" name="testNextUniformUniformPositiveBounds" time="0"/>
  <testcase classname="org.apache.commons.math3.random.AbstractRandomGeneratorTest" name="testNextUniformUniformNegativeToPositiveBounds" time="0"/>
  <testcase classname="org.apache.commons.math3.random.AbstractRandomGeneratorTest" name="testNextUniformUniformNegaiveBounds" time="0.001"/>
  <testcase classname="org.apache.commons.math3.random.AbstractRandomGeneratorTest" name="testNextUniformUniformMaximalInterval" time="0"/>
  <testcase classname="org.apache.commons.math3.random.AbstractRandomGeneratorTest" name="testNextUniformExclusiveEndpoints" time="0"/>
  <testcase classname="org.apache.commons.math3.random.AbstractRandomGeneratorTest" name="testNextGaussian" time="0.001"/>
  <testcase classname="org.apache.commons.math3.random.AbstractRandomGeneratorTest" name="testNextExponential" time="0"/>
  <testcase classname="org.apache.commons.math3.random.AbstractRandomGeneratorTest" name="testConfig" time="0.001"/>
  <testcase classname="org.apache.commons.math3.random.AbstractRandomGeneratorTest" name="testNextSample" time="0"/>
</testsuite>