<?xml version="1.0" encoding="UTF-8" ?>
<testsuite tests="36" failures="0" name="org.apache.commons.math3.linear.SymmLQTest" time="0.218" errors="0" skipped="0">
  <properties>
[...]
</properties>
  <testcase classname="org.apache.commons.math3.linear.SymmLQTest" name="testNonSquareOperator" time="0.001"/>
  <testcase classname="org.apache.commons.math3.linear.SymmLQTest" name="testDimensionMismatchRightHandSide" time="0"/>
  <testcase classname="org.apache.commons.math3.linear.SymmLQTest" name="testDimensionMismatchSolution" time="0"/>
  <testcase classname="org.apache.commons.math3.linear.SymmLQTest" name="testUnpreconditionedSolution" time="0.01"/>
  <testcase classname="org.apache.commons.math3.linear.SymmLQTest" name="testUnpreconditionedInPlaceSolutionWithInitialGuess" time="0.001"/>
  <testcase classname="org.apache.commons.math3.linear.SymmLQTest" name="testUnpreconditionedSolutionWithInitialGuess" time="0.004"/>
  <testcase classname="org.apache.commons.math3.linear.SymmLQTest" name="testNonSquarePreconditioner" time="0"/>
  <testcase classname="org.apache.commons.math3.linear.SymmLQTest" name="testMismatchedOperatorDimensions" time="0"/>
  <testcase classname="org.apache.commons.math3.linear.SymmLQTest" name="testNonPositiveDefinitePreconditioner" time="0"/>
  <testcase classname="org.apache.commons.math3.linear.SymmLQTest" name="testPreconditionedSolution" time="0.004"/>
  <testcase classname="org.apache.commons.math3.linear.SymmLQTest" name="testPreconditionedSolution2" time="0.185"/>
  <testcase classname="org.apache.commons.math3.linear.SymmLQTest" name="testEventManagement" time="0.001"/>
  <testcase classname="org.apache.commons.math3.linear.SymmLQTest" name="testUnpreconditionedNormOfResidual" time="0.001"/>
  <testcase classname="org.apache.commons.math3.linear.SymmLQTest" name="testPreconditionedNormOfResidual" time="0.001"/>
  <testcase classname="org.apache.commons.math3.linear.SymmLQTest" name="testSolveSaunders10" time="0.001"/>
  <testcase classname="org.apache.commons.math3.linear.SymmLQTest" name="testSolveSaunders1" time="0"/>
  <testcase classname="org.apache.commons.math3.linear.SymmLQTest" name="testSolveSaunders2" time="0"/>
  <testcase classname="org.apache.commons.math3.linear.SymmLQTest" name="testSolveSaunders3" time="0.001"/>
  <testcase classname="org.apache.commons.math3.linear.SymmLQTest" name="testSolveSaunders4" time="0"/>
  <testcase classname="org.apache.commons.math3.linear.SymmLQTest" name="testSolveSaunders5" time="0"/>
  <testcase classname="org.apache.commons.math3.linear.SymmLQTest" name="testSolveSaunders6" time="0"/>
  <testcase classname="org.apache.commons.math3.linear.SymmLQTest" name="testSolveSaunders7" time="0.001"/>
  <testcase classname="org.apache.commons.math3.linear.SymmLQTest" name="testSolveSaunders8" time="0.002"/>
  <testcase classname="org.apache.commons.math3.linear.SymmLQTest" name="testSolveSaunders9" time="0"/>
  <testcase classname="org.apache.commons.math3.linear.SymmLQTest" name="testSolveSaunders11" time="0"/>
  <testcase classname="org.apache.commons.math3.linear.SymmLQTest" name="testSolveSaunders12" time="0"/>
  <testcase classname="org.apache.commons.math3.linear.SymmLQTest" name="testSolveSaunders13" time="0"/>
  <testcase classname="org.apache.commons.math3.linear.SymmLQTest" name="testSolveSaunders14" time="0"/>
  <testcase classname="org.apache.commons.math3.linear.SymmLQTest" name="testSolveSaunders15" time="0.001"/>
  <testcase classname="org.apache.commons.math3.linear.SymmLQTest" name="testSolveSaunders16" time="0"/>
  <testcase classname="org.apache.commons.math3.linear.SymmLQTest" name="testSolveSaunders17" time="0.001"/>
  <testcase classname="org.apache.commons.math3.linear.SymmLQTest" name="testSolveSaunders18" time="0.001"/>
  <testcase classname="org.apache.commons.math3.linear.SymmLQTest" name="testSolveSaunders19" time="0"/>
  <testcase classname="org.apache.commons.math3.linear.SymmLQTest" name="testSolveSaunders20" time="0.001"/>
  <testcase classname="org.apache.commons.math3.linear.SymmLQTest" name="testNonSelfAdjointOperator" time="0"/>
  <testcase classname="org.apache.commons.math3.linear.SymmLQTest" name="testNonSelfAdjointPreconditioner" time="0.001"/>
</testsuite>