<?xml version="1.0" encoding="UTF-8" ?>
<testsuite tests="105" failures="0" name="org.apache.commons.math3.linear.RealVectorTest" time="0.095" errors="0" skipped="24">
  <properties>
[...]
</properties>
  <testcase classname="org.apache.commons.math3.linear.RealVectorTest" name="testSerial" time="0">
    <skipped message="Abstract class RealVector is not serializable."/>
  </testcase>
  <testcase classname="org.apache.commons.math3.linear.RealVectorTest" name="testIsInfinite" time="0">
    <skipped message="Abstract class RealVector does not implement isNaN()"/>
  </testcase>
  <testcase classname="org.apache.commons.math3.linear.RealVectorTest" name="testIsNaN" time="0">
    <skipped message="Abstract class RealVector does not implement isNaN()"/>
  </testcase>
  <testcase classname="org.apache.commons.math3.linear.RealVectorTest" name="testEquals" time="0">
    <skipped message="Abstract class RealVector does not override equals(Object)."/>
  </testcase>
  <testcase classname="org.apache.commons.math3.linear.RealVectorTest" name="testGetL1Norm" time="0">
    <skipped message="Abstract class RealVector does not implement getL1Norm()"/>
  </testcase>
  <testcase classname="org.apache.commons.math3.linear.RealVectorTest" name="testGetLInfNorm" time="0">
    <skipped message="Abstract class RealVector does not implement getLInfNorm()"/>
  </testcase>
  <testcase classname="org.apache.commons.math3.linear.RealVectorTest" name="testAppendVector" time="0">
    <skipped message="Abstract class RealVector does not implement append(RealVector)."/>
  </testcase>
  <testcase classname="org.apache.commons.math3.linear.RealVectorTest" name="testAppendScalar" time="0">
    <skipped message="Abstract class RealVector does not implement append(double)"/>
  </testcase>
  <testcase classname="org.apache.commons.math3.linear.RealVectorTest" name="testGetSubVector" time="0">
    <skipped message="Abstract class RealVector does not implement getSubvector(int, int)"/>
  </testcase>
  <testcase classname="org.apache.commons.math3.linear.RealVectorTest" name="testGetSubVectorInvalidIndex1" time="0">
    <skipped message="Abstract class RealVector does not implement getSubvector(int, int)"/>
  </testcase>
  <testcase classname="org.apache.commons.math3.linear.RealVectorTest" name="testGetSubVectorInvalidIndex2" time="0">
    <skipped message="Abstract class RealVector does not implement getSubvector(int, int)"/>
  </testcase>
  <testcase classname="org.apache.commons.math3.linear.RealVectorTest" name="testGetSubVectorInvalidIndex3" time="0">
    <skipped message="Abstract class RealVector does not implement getSubvector(int, int)"/>
  </testcase>
  <testcase classname="org.apache.commons.math3.linear.RealVectorTest" name="testGetSubVectorInvalidIndex4" time="0">
    <skipped message="Abstract class RealVector does not implement getSubvector(int, int)"/>
  </testcase>
  <testcase classname="org.apache.commons.math3.linear.RealVectorTest" name="testSetSubVectorSameType" time="0">
    <skipped message="Abstract class RealVector does not implement setSubvector(int, RealVector)"/>
  </testcase>
  <testcase classname="org.apache.commons.math3.linear.RealVectorTest" name="testSetSubVectorMixedType" time="0">
    <skipped message="Abstract class RealVector does not implement setSubvector(int, RealVector)"/>
  </testcase>
  <testcase classname="org.apache.commons.math3.linear.RealVectorTest" name="testSetSubVectorInvalidIndex1" time="0.001">
    <skipped message="Abstract class RealVector does not implement setSubvector(int, RealVector)"/>
  </testcase>
  <testcase classname="org.apache.commons.math3.linear.RealVectorTest" name="testSetSubVectorInvalidIndex2" time="0.001">
    <skipped message="Abstract class RealVector does not implement setSubvector(int, RealVector)"/>
  </testcase>
  <testcase classname="org.apache.commons.math3.linear.RealVectorTest" name="testSetSubVectorInvalidIndex3" time="0.001">
    <skipped message="Abstract class RealVector does not implement setSubvector(int, RealVector)"/>
  </testcase>
  <testcase classname="org.apache.commons.math3.linear.RealVectorTest" name="testEbeMultiplySameType" time="0.001">
    <skipped message="Abstract class RealVector does not implement ebeMultiply(RealVector)"/>
  </testcase>
  <testcase classname="org.apache.commons.math3.linear.RealVectorTest" name="testEbeMultiplyMixedTypes" time="0.001">
    <skipped message="Abstract class RealVector does not implement ebeMultiply(RealVector)"/>
  </testcase>
  <testcase classname="org.apache.commons.math3.linear.RealVectorTest" name="testEbeMultiplyDimensionMismatch" time="0.001">
    <skipped message="Abstract class RealVector does not implement ebeMultiply(RealVector)"/>
  </testcase>
  <testcase classname="org.apache.commons.math3.linear.RealVectorTest" name="testEbeDivideSameType" time="0.001">
    <skipped message="Abstract class RealVector does not implement ebeDivide(RealVector)"/>
  </testcase>
  <testcase classname="org.apache.commons.math3.linear.RealVectorTest" name="testEbeDivideMixedTypes" time="0.001">
    <skipped message="Abstract class RealVector does not implement ebeDivide(RealVector)"/>
  </testcase>
  <testcase classname="org.apache.commons.math3.linear.RealVectorTest" name="testEbeDivideDimensionMismatch" time="0.001">
    <skipped message="Abstract class RealVector does not implement ebeDivide(RealVector)"/>
  </testcase>
  <testcase classname="org.apache.commons.math3.linear.RealVectorTest" name="testSparseIterator" time="0.003"/>
  <testcase classname="org.apache.commons.math3.linear.RealVectorTest" name="testSet" time="0"/>
  <testcase classname="org.apache.commons.math3.linear.RealVectorTest" name="testCopy" time="0"/>
  <testcase classname="org.apache.commons.math3.linear.RealVectorTest" name="testIterator" time="0.002"/>
  <testcase classname="org.apache.commons.math3.linear.RealVectorTest" name="testMinMax" time="0"/>
  <testcase classname="org.apache.commons.math3.linear.RealVectorTest" name="testGetDistanceMixedTypes" time="0.001"/>
  <testcase classname="org.apache.commons.math3.linear.RealVectorTest" name="testGetDistanceDimensionMismatch" time="0"/>
  <testcase classname="org.apache.commons.math3.linear.RealVectorTest" name="testGetNorm" time="0"/>
  <testcase classname="org.apache.commons.math3.linear.RealVectorTest" name="testGetL1DistanceSameType" time="0"/>
  <testcase classname="org.apache.commons.math3.linear.RealVectorTest" name="testGetL1DistanceMixedTypes" time="0"/>
  <testcase classname="org.apache.commons.math3.linear.RealVectorTest" name="testGetL1DistanceDimensionMismatch" time="0"/>
  <testcase classname="org.apache.commons.math3.linear.RealVectorTest" name="testGetLInfDistanceSameType" time="0"/>
  <testcase classname="org.apache.commons.math3.linear.RealVectorTest" name="testGetLInfDistanceMixedTypes" time="0"/>
  <testcase classname="org.apache.commons.math3.linear.RealVectorTest" name="testGetLInfDistanceDimensionMismatch" time="0.001"/>
  <testcase classname="org.apache.commons.math3.linear.RealVectorTest" name="testMapAdd" time="0"/>
  <testcase classname="org.apache.commons.math3.linear.RealVectorTest" name="testMapAddToSelf" time="0"/>
  <testcase classname="org.apache.commons.math3.linear.RealVectorTest" name="testMapSubtract" time="0.001"/>
  <testcase classname="org.apache.commons.math3.linear.RealVectorTest" name="testMapSubtractToSelf" time="0"/>
  <testcase classname="org.apache.commons.math3.linear.RealVectorTest" name="testMapMultiply" time="0"/>
  <testcase classname="org.apache.commons.math3.linear.RealVectorTest" name="testMapMultiplyToSelf" time="0.001"/>
  <testcase classname="org.apache.commons.math3.linear.RealVectorTest" name="testMapDivide" time="0"/>
  <testcase classname="org.apache.commons.math3.linear.RealVectorTest" name="testMapDivideToSelf" time="0.001"/>
  <testcase classname="org.apache.commons.math3.linear.RealVectorTest" name="testOuterProductSameType" time="0.001"/>
  <testcase classname="org.apache.commons.math3.linear.RealVectorTest" name="testOuterProductMixedTypes" time="0"/>
  <testcase classname="org.apache.commons.math3.linear.RealVectorTest" name="testProjectionSameType" time="0"/>
  <testcase classname="org.apache.commons.math3.linear.RealVectorTest" name="testProjectionMixedTypes" time="0"/>
  <testcase classname="org.apache.commons.math3.linear.RealVectorTest" name="testProjectionNullVector" time="0.001"/>
  <testcase classname="org.apache.commons.math3.linear.RealVectorTest" name="testProjectionDimensionMismatch" time="0"/>
  <testcase classname="org.apache.commons.math3.linear.RealVectorTest" name="testToArray" time="0"/>
  <testcase classname="org.apache.commons.math3.linear.RealVectorTest" name="testUnitVector" time="0"/>
  <testcase classname="org.apache.commons.math3.linear.RealVectorTest" name="testUnitize" time="0"/>
  <testcase classname="org.apache.commons.math3.linear.RealVectorTest" name="testUnitVectorNullVector" time="0"/>
  <testcase classname="org.apache.commons.math3.linear.RealVectorTest" name="testUnitizeNullVector" time="0"/>
  <testcase classname="org.apache.commons.math3.linear.RealVectorTest" name="testCombineSameType" time="0.016"/>
  <testcase classname="org.apache.commons.math3.linear.RealVectorTest" name="testCombineMixedTypes" time="0.02"/>
  <testcase classname="org.apache.commons.math3.linear.RealVectorTest" name="testCombineDimensionMismatchSameType" time="0"/>
  <testcase classname="org.apache.commons.math3.linear.RealVectorTest" name="testCombineDimensionMismatchMixedTypes" time="0"/>
  <testcase classname="org.apache.commons.math3.linear.RealVectorTest" name="testCombineToSelfSameType" time="0.017"/>
  <testcase classname="org.apache.commons.math3.linear.RealVectorTest" name="testCombineToSelfMixedTypes" time="0.017"/>
  <testcase classname="org.apache.commons.math3.linear.RealVectorTest" name="testCombineToSelfDimensionMismatchSameType" time="0"/>
  <testcase classname="org.apache.commons.math3.linear.RealVectorTest" name="testCombineToSelfDimensionMismatchMixedTypes" time="0"/>
  <testcase classname="org.apache.commons.math3.linear.RealVectorTest" name="testDotProductSameType" time="0"/>
  <testcase classname="org.apache.commons.math3.linear.RealVectorTest" name="testDotProductDimensionMismatchSameType" time="0.001"/>
  <testcase classname="org.apache.commons.math3.linear.RealVectorTest" name="testDotProductMixedTypes" time="0"/>
  <testcase classname="org.apache.commons.math3.linear.RealVectorTest" name="testDotProductDimensionMismatchMixedTypes" time="0"/>
  <testcase classname="org.apache.commons.math3.linear.RealVectorTest" name="testCosineSameType" time="0"/>
  <testcase classname="org.apache.commons.math3.linear.RealVectorTest" name="testCosineMixedTypes" time="0"/>
  <testcase classname="org.apache.commons.math3.linear.RealVectorTest" name="testCosineLeftNullVector" time="0"/>
  <testcase classname="org.apache.commons.math3.linear.RealVectorTest" name="testCosineRightNullVector" time="0"/>
  <testcase classname="org.apache.commons.math3.linear.RealVectorTest" name="testCosineDimensionMismatch" time="0"/>
  <testcase classname="org.apache.commons.math3.linear.RealVectorTest" name="testWalkInDefaultOrderPreservingVisitor1" time="0"/>
  <testcase classname="org.apache.commons.math3.linear.RealVectorTest" name="testWalkInDefaultOrderPreservingVisitor2" time="0.001"/>
  <testcase classname="org.apache.commons.math3.linear.RealVectorTest" name="testWalkInDefaultOrderPreservingVisitor3" time="0"/>
  <testcase classname="org.apache.commons.math3.linear.RealVectorTest" name="testWalkInOptimizedOrderPreservingVisitor1" time="0"/>
  <testcase classname="org.apache.commons.math3.linear.RealVectorTest" name="testWalkInOptimizedOrderPreservingVisitor2" time="0"/>
  <testcase classname="org.apache.commons.math3.linear.RealVectorTest" name="testWalkInOptimizedOrderPreservingVisitor3" time="0"/>
  <testcase classname="org.apache.commons.math3.linear.RealVectorTest" name="testWalkInDefaultOrderChangingVisitor1" time="0"/>
  <testcase classname="org.apache.commons.math3.linear.RealVectorTest" name="testWalkInDefaultOrderChangingVisitor2" time="0"/>
  <testcase classname="org.apache.commons.math3.linear.RealVectorTest" name="testWalkInDefaultOrderChangingVisitor3" time="0"/>
  <testcase classname="org.apache.commons.math3.linear.RealVectorTest" name="testWalkInOptimizedOrderChangingVisitor1" time="0"/>
  <testcase classname="org.apache.commons.math3.linear.RealVectorTest" name="testWalkInOptimizedOrderChangingVisitor2" time="0"/>
  <testcase classname="org.apache.commons.math3.linear.RealVectorTest" name="testWalkInOptimizedOrderChangingVisitor3" time="0"/>
  <testcase classname="org.apache.commons.math3.linear.RealVectorTest" name="testGetDimension" time="0"/>
  <testcase classname="org.apache.commons.math3.linear.RealVectorTest" name="testGetEntry" time="0"/>
  <testcase classname="org.apache.commons.math3.linear.RealVectorTest" name="testGetEntryInvalidIndex1" time="0"/>
  <testcase classname="org.apache.commons.math3.linear.RealVectorTest" name="testGetEntryInvalidIndex2" time="0"/>
  <testcase classname="org.apache.commons.math3.linear.RealVectorTest" name="testSetEntry" time="0"/>
  <testcase classname="org.apache.commons.math3.linear.RealVectorTest" name="testSetEntryInvalidIndex1" time="0"/>
  <testcase classname="org.apache.commons.math3.linear.RealVectorTest" name="testSetEntryInvalidIndex2" time="0"/>
  <testcase classname="org.apache.commons.math3.linear.RealVectorTest" name="testAddToEntry" time="0"/>
  <testcase classname="org.apache.commons.math3.linear.RealVectorTest" name="testAddToEntryInvalidIndex1" time="0"/>
  <testcase classname="org.apache.commons.math3.linear.RealVectorTest" name="testAddToEntryInvalidIndex2" time="0"/>
  <testcase classname="org.apache.commons.math3.linear.RealVectorTest" name="testAddSameType" time="0"/>
  <testcase classname="org.apache.commons.math3.linear.RealVectorTest" name="testAddMixedTypes" time="0"/>
  <testcase classname="org.apache.commons.math3.linear.RealVectorTest" name="testAddDimensionMismatch" time="0"/>
  <testcase classname="org.apache.commons.math3.linear.RealVectorTest" name="testSubtractSameType" time="0"/>
  <testcase classname="org.apache.commons.math3.linear.RealVectorTest" name="testSubtractMixedTypes" time="0.001"/>
  <testcase classname="org.apache.commons.math3.linear.RealVectorTest" name="testSubtractDimensionMismatch" time="0"/>
  <testcase classname="org.apache.commons.math3.linear.RealVectorTest" name="testGetDistanceSameType" time="0"/>
  <testcase classname="org.apache.commons.math3.linear.RealVectorTest" name="testMap" time="0"/>
  <testcase classname="org.apache.commons.math3.linear.RealVectorTest" name="testMapToSelf" time="0.001"/>
</testsuite>