<?xml version="1.0" encoding="UTF-8" ?>
<testsuite tests="123" failures="1" name="org.apache.commons.math3.complex.ComplexTest" time="0.062" errors="0" skipped="0">
  <properties>
[...]
</properties>
  <testcase classname="org.apache.commons.math3.complex.ComplexTest" name="testConjugate" time="0"/>
  <testcase classname="org.apache.commons.math3.complex.ComplexTest" name="testSerial" time="0.011"/>
  <testcase classname="org.apache.commons.math3.complex.ComplexTest" name="testConstructor" time="0"/>
  <testcase classname="org.apache.commons.math3.complex.ComplexTest" name="testConstructorNaN" time="0"/>
  <testcase classname="org.apache.commons.math3.complex.ComplexTest" name="testAbs" time="0"/>
  <testcase classname="org.apache.commons.math3.complex.ComplexTest" name="testAbsNaN" time="0"/>
  <testcase classname="org.apache.commons.math3.complex.ComplexTest" name="testAbsInfinite" time="0"/>
  <testcase classname="org.apache.commons.math3.complex.ComplexTest" name="testAdd" time="0"/>
  <testcase classname="org.apache.commons.math3.complex.ComplexTest" name="testAddNaN" time="0"/>
  <testcase classname="org.apache.commons.math3.complex.ComplexTest" name="testAddInf" time="0.001"/>
  <testcase classname="org.apache.commons.math3.complex.ComplexTest" name="testScalarAdd" time="0"/>
  <testcase classname="org.apache.commons.math3.complex.ComplexTest" name="testScalarAddNaN" time="0"/>
  <testcase classname="org.apache.commons.math3.complex.ComplexTest" name="testScalarAddInf" time="0"/>
  <testcase classname="org.apache.commons.math3.complex.ComplexTest" name="testConjugateNaN" time="0"/>
  <testcase classname="org.apache.commons.math3.complex.ComplexTest" name="testConjugateInfiinite" time="0"/>
  <testcase classname="org.apache.commons.math3.complex.ComplexTest" name="testDivide" time="0"/>
  <testcase classname="org.apache.commons.math3.complex.ComplexTest" name="testDivideReal" time="0"/>
  <testcase classname="org.apache.commons.math3.complex.ComplexTest" name="testDivideImaginary" time="0"/>
  <testcase classname="org.apache.commons.math3.complex.ComplexTest" name="testDivideInf" time="0"/>
  <testcase classname="org.apache.commons.math3.complex.ComplexTest" name="testDivideZero" time="0"/>
  <testcase classname="org.apache.commons.math3.complex.ComplexTest" name="testDivideZeroZero" time="0"/>
  <testcase classname="org.apache.commons.math3.complex.ComplexTest" name="testDivideNaN" time="0"/>
  <testcase classname="org.apache.commons.math3.complex.ComplexTest" name="testDivideNaNInf" time="0.002"/>
  <testcase classname="org.apache.commons.math3.complex.ComplexTest" name="testScalarDivide" time="0"/>
  <testcase classname="org.apache.commons.math3.complex.ComplexTest" name="testScalarDivideNaN" time="0"/>
  <testcase classname="org.apache.commons.math3.complex.ComplexTest" name="testScalarDivideInf" time="0"/>
  <testcase classname="org.apache.commons.math3.complex.ComplexTest" name="testScalarDivideZero" time="0"/>
  <testcase classname="org.apache.commons.math3.complex.ComplexTest" name="testReciprocal" time="0"/>
  <testcase classname="org.apache.commons.math3.complex.ComplexTest" name="testReciprocalReal" time="0"/>
  <testcase classname="org.apache.commons.math3.complex.ComplexTest" name="testReciprocalImaginary" time="0"/>
  <testcase classname="org.apache.commons.math3.complex.ComplexTest" name="testReciprocalInf" time="0"/>
  <testcase classname="org.apache.commons.math3.complex.ComplexTest" name="testReciprocalZero" time="0.028">
    <failure message="expected:&lt;(NaN, NaN)&gt; but was:&lt;(Infinity, Infinity)&gt;" type="java.lang.AssertionError">java.lang.AssertionError: expected:&lt;(NaN, NaN)&gt; but was:&lt;(Infinity, Infinity)&gt;
	at org.junit.Assert.fail(Assert.java:93)
	at org.junit.Assert.failNotEquals(Assert.java:647)
	at org.junit.Assert.assertEquals(Assert.java:128)
	at org.junit.Assert.assertEquals(Assert.java:147)
	at org.apache.commons.math3.complex.ComplexTest.testReciprocalZero(ComplexTest.java:334)
</failure>
  </testcase>
  <testcase classname="org.apache.commons.math3.complex.ComplexTest" name="testReciprocalNaN" time="0"/>
  <testcase classname="org.apache.commons.math3.complex.ComplexTest" name="testMultiply" time="0"/>
  <testcase classname="org.apache.commons.math3.complex.ComplexTest" name="testMultiplyNaN" time="0"/>
  <testcase classname="org.apache.commons.math3.complex.ComplexTest" name="testMultiplyInfInf" time="0"/>
  <testcase classname="org.apache.commons.math3.complex.ComplexTest" name="testMultiplyNaNInf" time="0"/>
  <testcase classname="org.apache.commons.math3.complex.ComplexTest" name="testScalarMultiply" time="0"/>
  <testcase classname="org.apache.commons.math3.complex.ComplexTest" name="testScalarMultiplyNaN" time="0"/>
  <testcase classname="org.apache.commons.math3.complex.ComplexTest" name="testScalarMultiplyInf" time="0"/>
  <testcase classname="org.apache.commons.math3.complex.ComplexTest" name="testNegate" time="0"/>
  <testcase classname="org.apache.commons.math3.complex.ComplexTest" name="testNegateNaN" time="0"/>
  <testcase classname="org.apache.commons.math3.complex.ComplexTest" name="testSubtract" time="0"/>
  <testcase classname="org.apache.commons.math3.complex.ComplexTest" name="testSubtractNaN" time="0"/>
  <testcase classname="org.apache.commons.math3.complex.ComplexTest" name="testSubtractInf" time="0"/>
  <testcase classname="org.apache.commons.math3.complex.ComplexTest" name="testScalarSubtract" time="0"/>
  <testcase classname="org.apache.commons.math3.complex.ComplexTest" name="testScalarSubtractNaN" time="0"/>
  <testcase classname="org.apache.commons.math3.complex.ComplexTest" name="testScalarSubtractInf" time="0"/>
  <testcase classname="org.apache.commons.math3.complex.ComplexTest" name="testEqualsNull" time="0"/>
  <testcase classname="org.apache.commons.math3.complex.ComplexTest" name="testEqualsClass" time="0"/>
  <testcase classname="org.apache.commons.math3.complex.ComplexTest" name="testEqualsSame" time="0"/>
  <testcase classname="org.apache.commons.math3.complex.ComplexTest" name="testEqualsTrue" time="0.001"/>
  <testcase classname="org.apache.commons.math3.complex.ComplexTest" name="testEqualsRealDifference" time="0"/>
  <testcase classname="org.apache.commons.math3.complex.ComplexTest" name="testEqualsImaginaryDifference" time="0.001"/>
  <testcase classname="org.apache.commons.math3.complex.ComplexTest" name="testEqualsNaN" time="0"/>
  <testcase classname="org.apache.commons.math3.complex.ComplexTest" name="testHashCode" time="0"/>
  <testcase classname="org.apache.commons.math3.complex.ComplexTest" name="testAcos" time="0.006"/>
  <testcase classname="org.apache.commons.math3.complex.ComplexTest" name="testAcosInf" time="0"/>
  <testcase classname="org.apache.commons.math3.complex.ComplexTest" name="testAcosNaN" time="0"/>
  <testcase classname="org.apache.commons.math3.complex.ComplexTest" name="testAsin" time="0.001"/>
  <testcase classname="org.apache.commons.math3.complex.ComplexTest" name="testAsinNaN" time="0.001"/>
  <testcase classname="org.apache.commons.math3.complex.ComplexTest" name="testAsinInf" time="0"/>
  <testcase classname="org.apache.commons.math3.complex.ComplexTest" name="testAtan" time="0"/>
  <testcase classname="org.apache.commons.math3.complex.ComplexTest" name="testAtanInf" time="0"/>
  <testcase classname="org.apache.commons.math3.complex.ComplexTest" name="testAtanI" time="0"/>
  <testcase classname="org.apache.commons.math3.complex.ComplexTest" name="testAtanNaN" time="0"/>
  <testcase classname="org.apache.commons.math3.complex.ComplexTest" name="testCos" time="0.001"/>
  <testcase classname="org.apache.commons.math3.complex.ComplexTest" name="testCosNaN" time="0"/>
  <testcase classname="org.apache.commons.math3.complex.ComplexTest" name="testCosInf" time="0"/>
  <testcase classname="org.apache.commons.math3.complex.ComplexTest" name="testCosh" time="0"/>
  <testcase classname="org.apache.commons.math3.complex.ComplexTest" name="testCoshNaN" time="0.007"/>
  <testcase classname="org.apache.commons.math3.complex.ComplexTest" name="testCoshInf" time="0"/>
  <testcase classname="org.apache.commons.math3.complex.ComplexTest" name="testExp" time="0"/>
  <testcase classname="org.apache.commons.math3.complex.ComplexTest" name="testExpNaN" time="0"/>
  <testcase classname="org.apache.commons.math3.complex.ComplexTest" name="testExpInf" time="0"/>
  <testcase classname="org.apache.commons.math3.complex.ComplexTest" name="testLog" time="0"/>
  <testcase classname="org.apache.commons.math3.complex.ComplexTest" name="testLogNaN" time="0"/>
  <testcase classname="org.apache.commons.math3.complex.ComplexTest" name="testLogInf" time="0"/>
  <testcase classname="org.apache.commons.math3.complex.ComplexTest" name="testLogZero" time="0"/>
  <testcase classname="org.apache.commons.math3.complex.ComplexTest" name="testPow" time="0"/>
  <testcase classname="org.apache.commons.math3.complex.ComplexTest" name="testPowNaNBase" time="0"/>
  <testcase classname="org.apache.commons.math3.complex.ComplexTest" name="testPowNaNExponent" time="0"/>
  <testcase classname="org.apache.commons.math3.complex.ComplexTest" name="testPowInf" time="0"/>
  <testcase classname="org.apache.commons.math3.complex.ComplexTest" name="testPowZero" time="0"/>
  <testcase classname="org.apache.commons.math3.complex.ComplexTest" name="testScalarPow" time="0"/>
  <testcase classname="org.apache.commons.math3.complex.ComplexTest" name="testScalarPowNaNBase" time="0"/>
  <testcase classname="org.apache.commons.math3.complex.ComplexTest" name="testScalarPowNaNExponent" time="0"/>
  <testcase classname="org.apache.commons.math3.complex.ComplexTest" name="testScalarPowInf" time="0"/>
  <testcase classname="org.apache.commons.math3.complex.ComplexTest" name="testScalarPowZero" time="0"/>
  <testcase classname="org.apache.commons.math3.complex.ComplexTest" name="testpowNull" time="0"/>
  <testcase classname="org.apache.commons.math3.complex.ComplexTest" name="testSin" time="0"/>
  <testcase classname="org.apache.commons.math3.complex.ComplexTest" name="testSinInf" time="0"/>
  <testcase classname="org.apache.commons.math3.complex.ComplexTest" name="testSinNaN" time="0"/>
  <testcase classname="org.apache.commons.math3.complex.ComplexTest" name="testSinh" time="0"/>
  <testcase classname="org.apache.commons.math3.complex.ComplexTest" name="testSinhNaN" time="0"/>
  <testcase classname="org.apache.commons.math3.complex.ComplexTest" name="testSinhInf" time="0"/>
  <testcase classname="org.apache.commons.math3.complex.ComplexTest" name="testSqrtRealPositive" time="0"/>
  <testcase classname="org.apache.commons.math3.complex.ComplexTest" name="testSqrtRealZero" time="0"/>
  <testcase classname="org.apache.commons.math3.complex.ComplexTest" name="testSqrtRealNegative" time="0"/>
  <testcase classname="org.apache.commons.math3.complex.ComplexTest" name="testSqrtImaginaryZero" time="0"/>
  <testcase classname="org.apache.commons.math3.complex.ComplexTest" name="testSqrtImaginaryNegative" time="0"/>
  <testcase classname="org.apache.commons.math3.complex.ComplexTest" name="testSqrtPolar" time="0"/>
  <testcase classname="org.apache.commons.math3.complex.ComplexTest" name="testSqrtNaN" time="0"/>
  <testcase classname="org.apache.commons.math3.complex.ComplexTest" name="testSqrtInf" time="0"/>
  <testcase classname="org.apache.commons.math3.complex.ComplexTest" name="testSqrt1z" time="0"/>
  <testcase classname="org.apache.commons.math3.complex.ComplexTest" name="testSqrt1zNaN" time="0"/>
  <testcase classname="org.apache.commons.math3.complex.ComplexTest" name="testTan" time="0"/>
  <testcase classname="org.apache.commons.math3.complex.ComplexTest" name="testTanNaN" time="0"/>
  <testcase classname="org.apache.commons.math3.complex.ComplexTest" name="testTanInf" time="0"/>
  <testcase classname="org.apache.commons.math3.complex.ComplexTest" name="testTanCritical" time="0"/>
  <testcase classname="org.apache.commons.math3.complex.ComplexTest" name="testTanh" time="0"/>
  <testcase classname="org.apache.commons.math3.complex.ComplexTest" name="testTanhNaN" time="0"/>
  <testcase classname="org.apache.commons.math3.complex.ComplexTest" name="testTanhInf" time="0"/>
  <testcase classname="org.apache.commons.math3.complex.ComplexTest" name="testTanhCritical" time="0"/>
  <testcase classname="org.apache.commons.math3.complex.ComplexTest" name="testMath221" time="0"/>
  <testcase classname="org.apache.commons.math3.complex.ComplexTest" name="testNthRoot_normal_thirdRoot" time="0"/>
  <testcase classname="org.apache.commons.math3.complex.ComplexTest" name="testNthRoot_normal_fourthRoot" time="0"/>
  <testcase classname="org.apache.commons.math3.complex.ComplexTest" name="testNthRoot_cornercase_thirdRoot_imaginaryPartEmpty" time="0"/>
  <testcase classname="org.apache.commons.math3.complex.ComplexTest" name="testNthRoot_cornercase_thirdRoot_realPartZero" time="0"/>
  <testcase classname="org.apache.commons.math3.complex.ComplexTest" name="testNthRoot_cornercase_NAN_Inf" time="0"/>
  <testcase classname="org.apache.commons.math3.complex.ComplexTest" name="testGetArgument" time="0.001"/>
  <testcase classname="org.apache.commons.math3.complex.ComplexTest" name="testGetArgumentInf" time="0.001"/>
  <testcase classname="org.apache.commons.math3.complex.ComplexTest" name="testGetArgumentNaN" time="0"/>
</testsuite>