<?xml version="1.0" encoding="UTF-8" ?>
<testsuite tests="16" failures="0" name="org.apache.commons.math3.analysis.differentiation.FiniteDifferencesDifferentiatorTest" time="0.119" errors="0" skipped="0">
  <properties>
[...]
</properties>
  <testcase classname="org.apache.commons.math3.analysis.differentiation.FiniteDifferencesDifferentiatorTest" name="testSerialization" time="0.006"/>
  <testcase classname="org.apache.commons.math3.analysis.differentiation.FiniteDifferencesDifferentiatorTest" name="testConstant" time="0.009"/>
  <testcase classname="org.apache.commons.math3.analysis.differentiation.FiniteDifferencesDifferentiatorTest" name="testLinear" time="0.01"/>
  <testcase classname="org.apache.commons.math3.analysis.differentiation.FiniteDifferencesDifferentiatorTest" name="testWrongStepSize" time="0"/>
  <testcase classname="org.apache.commons.math3.analysis.differentiation.FiniteDifferencesDifferentiatorTest" name="testWrongNumberOfPoints" time="0"/>
  <testcase classname="org.apache.commons.math3.analysis.differentiation.FiniteDifferencesDifferentiatorTest" name="testGaussian" time="0.008"/>
  <testcase classname="org.apache.commons.math3.analysis.differentiation.FiniteDifferencesDifferentiatorTest" name="testStepSizeUnstability" time="0.009"/>
  <testcase classname="org.apache.commons.math3.analysis.differentiation.FiniteDifferencesDifferentiatorTest" name="testWrongOrder" time="0.001"/>
  <testcase classname="org.apache.commons.math3.analysis.differentiation.FiniteDifferencesDifferentiatorTest" name="testWrongOrderVector" time="0.002"/>
  <testcase classname="org.apache.commons.math3.analysis.differentiation.FiniteDifferencesDifferentiatorTest" name="testWrongOrderMatrix" time="0.007"/>
  <testcase classname="org.apache.commons.math3.analysis.differentiation.FiniteDifferencesDifferentiatorTest" name="testTooLargeStep" time="0"/>
  <testcase classname="org.apache.commons.math3.analysis.differentiation.FiniteDifferencesDifferentiatorTest" name="testBounds" time="0.002"/>
  <testcase classname="org.apache.commons.math3.analysis.differentiation.FiniteDifferencesDifferentiatorTest" name="testBoundedSqrt" time="0.001"/>
  <testcase classname="org.apache.commons.math3.analysis.differentiation.FiniteDifferencesDifferentiatorTest" name="testVectorFunction" time="0.013"/>
  <testcase classname="org.apache.commons.math3.analysis.differentiation.FiniteDifferencesDifferentiatorTest" name="testMatrixFunction" time="0.01"/>
  <testcase classname="org.apache.commons.math3.analysis.differentiation.FiniteDifferencesDifferentiatorTest" name="testSeveralFreeParameters" time="0.041"/>
</testsuite>