-------------------------------------------------------------------------------
Test set: org.apache.commons.lang3.math.NumberUtilsTest
-------------------------------------------------------------------------------
Tests run: 81, Failures: 1, Errors: 0, Skipped: 0, Time elapsed: 0.203 sec <<< FAILURE!
testStringCreateNumberEnsureNoPrecisionLoss(org.apache.commons.lang3.math.NumberUtilsTest)  Time elapsed: 0.068 sec  <<< FAILURE!
java.lang.AssertionError: null
	at org.junit.Assert.fail(Assert.java:86)
	at org.junit.Assert.assertTrue(Assert.java:41)
	at org.junit.Assert.assertTrue(Assert.java:52)
	at org.apache.commons.lang3.math.NumberUtilsTest.testStringCreateNumberEnsureNoPrecisionLoss(NumberUtilsTest.java:129)

