<?xml version="1.0" encoding="UTF-8" ?>
<testsuite tests="29" failures="0" name="org.apache.commons.lang3.time.FastDateFormat_ParserTest" time="38.37" errors="0" skipped="0">
  <properties>
[...]
</properties>
  <testcase classname="org.apache.commons.lang3.time.FastDateFormat_ParserTest" name="testSpecialCharacters" time="0.038"/>
  <testcase classname="org.apache.commons.lang3.time.FastDateFormat_ParserTest" name="testShortDateStyleWithLocales" time="0.016"/>
  <testcase classname="org.apache.commons.lang3.time.FastDateFormat_ParserTest" name="testMilleniumBug" time="0.001"/>
  <testcase classname="org.apache.commons.lang3.time.FastDateFormat_ParserTest" name="testLocaleMatches" time="0.182"/>
  <testcase classname="org.apache.commons.lang3.time.FastDateFormat_ParserTest" name="testDayOf" time="0.001"/>
  <testcase classname="org.apache.commons.lang3.time.FastDateFormat_ParserTest" name="testParseZone" time="0"/>
  <testcase classname="org.apache.commons.lang3.time.FastDateFormat_ParserTest" name="testAmPm" time="0.008"/>
  <testcase classname="org.apache.commons.lang3.time.FastDateFormat_ParserTest" name="testLowYearPadding" time="0"/>
  <testcase classname="org.apache.commons.lang3.time.FastDateFormat_ParserTest" name="testLocales_Long_AD" time="34.805"/>
  <testcase classname="org.apache.commons.lang3.time.FastDateFormat_ParserTest" name="testLocales_Long_BC" time="0.092"/>
  <testcase classname="org.apache.commons.lang3.time.FastDateFormat_ParserTest" name="testParseNumerics" time="0.002"/>
  <testcase classname="org.apache.commons.lang3.time.FastDateFormat_ParserTest" name="testLang303" time="0.018"/>
  <testcase classname="org.apache.commons.lang3.time.FastDateFormat_ParserTest" name="testLang538" time="0.002"/>
  <testcase classname="org.apache.commons.lang3.time.FastDateFormat_ParserTest" name="testToStringContainsName" time="0.001"/>
  <testcase classname="org.apache.commons.lang3.time.FastDateFormat_ParserTest" name="testLANG_831" time="0.004"/>
  <testcase classname="org.apache.commons.lang3.time.FastDateFormat_ParserTest" name="testLANG_832" time="0.002"/>
  <testcase classname="org.apache.commons.lang3.time.FastDateFormat_ParserTest" name="test_Equality_Hash" time="0.005"/>
  <testcase classname="org.apache.commons.lang3.time.FastDateFormat_ParserTest" name="testLocales_ShortNoEra_AD" time="0.383"/>
  <testcase classname="org.apache.commons.lang3.time.FastDateFormat_ParserTest" name="testLocales_ShortNoEra_BC" time="0.121"/>
  <testcase classname="org.apache.commons.lang3.time.FastDateFormat_ParserTest" name="testParseLongShort" time="0.002"/>
  <testcase classname="org.apache.commons.lang3.time.FastDateFormat_ParserTest" name="testLocales_LongNoEra_AD" time="0.358"/>
  <testcase classname="org.apache.commons.lang3.time.FastDateFormat_ParserTest" name="testLocales_LongNoEra_BC" time="0.059"/>
  <testcase classname="org.apache.commons.lang3.time.FastDateFormat_ParserTest" name="testLocales_Short_AD" time="0.428"/>
  <testcase classname="org.apache.commons.lang3.time.FastDateFormat_ParserTest" name="testLocales_Short_BC" time="0.053"/>
  <testcase classname="org.apache.commons.lang3.time.FastDateFormat_ParserTest" name="testEquals" time="0.001"/>
  <testcase classname="org.apache.commons.lang3.time.FastDateFormat_ParserTest" name="testParses" time="1.785"/>
  <testcase classname="org.apache.commons.lang3.time.FastDateFormat_ParserTest" name="testQuotes" time="0"/>
  <testcase classname="org.apache.commons.lang3.time.FastDateFormat_ParserTest" name="testTimeZoneMatches" time="0.002"/>
  <testcase classname="org.apache.commons.lang3.time.FastDateFormat_ParserTest" name="testPatternMatches" time="0.001"/>
</testsuite>