<?xml version="1.0" encoding="UTF-8" ?>
<testsuite tests="55" failures="0" name="org.apache.commons.lang3.text.StrTokenizerTest" time="0.035" errors="0" skipped="0">
  <properties>
[...]
</properties>
  <testcase classname="org.apache.commons.lang3.text.StrTokenizerTest" name="testCSVSimple" time="0"/>
  <testcase classname="org.apache.commons.lang3.text.StrTokenizerTest" name="testBasicDelim1" time="0"/>
  <testcase classname="org.apache.commons.lang3.text.StrTokenizerTest" name="testBasicDelim2" time="0"/>
  <testcase classname="org.apache.commons.lang3.text.StrTokenizerTest" name="testBasicEmpty1" time="0"/>
  <testcase classname="org.apache.commons.lang3.text.StrTokenizerTest" name="testBasicEmpty2" time="0"/>
  <testcase classname="org.apache.commons.lang3.text.StrTokenizerTest" name="testConstructor_charArray_char" time="0"/>
  <testcase classname="org.apache.commons.lang3.text.StrTokenizerTest" name="testTSV" time="0"/>
  <testcase classname="org.apache.commons.lang3.text.StrTokenizerTest" name="testIteration" time="0"/>
  <testcase classname="org.apache.commons.lang3.text.StrTokenizerTest" name="testConstructor_String_char_char" time="0"/>
  <testcase classname="org.apache.commons.lang3.text.StrTokenizerTest" name="testReset" time="0.001"/>
  <testcase classname="org.apache.commons.lang3.text.StrTokenizerTest" name="testReset_charArray" time="0"/>
  <testcase classname="org.apache.commons.lang3.text.StrTokenizerTest" name="testToString" time="0"/>
  <testcase classname="org.apache.commons.lang3.text.StrTokenizerTest" name="testTokenizeSubclassOutputChange" time="0"/>
  <testcase classname="org.apache.commons.lang3.text.StrTokenizerTest" name="testListArray" time="0.019"/>
  <testcase classname="org.apache.commons.lang3.text.StrTokenizerTest" name="testBasicQuoted1" time="0"/>
  <testcase classname="org.apache.commons.lang3.text.StrTokenizerTest" name="testBasicQuoted2" time="0"/>
  <testcase classname="org.apache.commons.lang3.text.StrTokenizerTest" name="testBasicQuoted3" time="0"/>
  <testcase classname="org.apache.commons.lang3.text.StrTokenizerTest" name="testBasicQuoted4" time="0"/>
  <testcase classname="org.apache.commons.lang3.text.StrTokenizerTest" name="testBasicQuoted5" time="0"/>
  <testcase classname="org.apache.commons.lang3.text.StrTokenizerTest" name="testBasicQuoted6" time="0"/>
  <testcase classname="org.apache.commons.lang3.text.StrTokenizerTest" name="testBasicQuoted7" time="0"/>
  <testcase classname="org.apache.commons.lang3.text.StrTokenizerTest" name="testCloneNotSupportedException" time="0"/>
  <testcase classname="org.apache.commons.lang3.text.StrTokenizerTest" name="testReset_String" time="0"/>
  <testcase classname="org.apache.commons.lang3.text.StrTokenizerTest" name="testTSVEmpty" time="0"/>
  <testcase classname="org.apache.commons.lang3.text.StrTokenizerTest" name="testConstructor_String" time="0"/>
  <testcase classname="org.apache.commons.lang3.text.StrTokenizerTest" name="testCloneNull" time="0"/>
  <testcase classname="org.apache.commons.lang3.text.StrTokenizerTest" name="test1" time="0"/>
  <testcase classname="org.apache.commons.lang3.text.StrTokenizerTest" name="test2" time="0"/>
  <testcase classname="org.apache.commons.lang3.text.StrTokenizerTest" name="test3" time="0"/>
  <testcase classname="org.apache.commons.lang3.text.StrTokenizerTest" name="test4" time="0"/>
  <testcase classname="org.apache.commons.lang3.text.StrTokenizerTest" name="test5" time="0"/>
  <testcase classname="org.apache.commons.lang3.text.StrTokenizerTest" name="test6" time="0"/>
  <testcase classname="org.apache.commons.lang3.text.StrTokenizerTest" name="test7" time="0"/>
  <testcase classname="org.apache.commons.lang3.text.StrTokenizerTest" name="test8" time="0.008"/>
  <testcase classname="org.apache.commons.lang3.text.StrTokenizerTest" name="testConstructor_String_char" time="0"/>
  <testcase classname="org.apache.commons.lang3.text.StrTokenizerTest" name="testTokenizeSubclassInputChange" time="0.007"/>
  <testcase classname="org.apache.commons.lang3.text.StrTokenizerTest" name="testCSVEmpty" time="0"/>
  <testcase classname="org.apache.commons.lang3.text.StrTokenizerTest" name="testConstructor_charArray" time="0"/>
  <testcase classname="org.apache.commons.lang3.text.StrTokenizerTest" name="testConstructor_charArray_char_char" time="0"/>
  <testcase classname="org.apache.commons.lang3.text.StrTokenizerTest" name="testCSVSimpleNeedsTrim" time="0"/>
  <testcase classname="org.apache.commons.lang3.text.StrTokenizerTest" name="testBasicIgnoreTrimmed1" time="0"/>
  <testcase classname="org.apache.commons.lang3.text.StrTokenizerTest" name="testBasicIgnoreTrimmed2" time="0"/>
  <testcase classname="org.apache.commons.lang3.text.StrTokenizerTest" name="testBasicIgnoreTrimmed3" time="0"/>
  <testcase classname="org.apache.commons.lang3.text.StrTokenizerTest" name="testBasicIgnoreTrimmed4" time="0"/>
  <testcase classname="org.apache.commons.lang3.text.StrTokenizerTest" name="testBasicQuotedTrimmed1" time="0"/>
  <testcase classname="org.apache.commons.lang3.text.StrTokenizerTest" name="testBasic1" time="0"/>
  <testcase classname="org.apache.commons.lang3.text.StrTokenizerTest" name="testBasic2" time="0"/>
  <testcase classname="org.apache.commons.lang3.text.StrTokenizerTest" name="testBasic3" time="0"/>
  <testcase classname="org.apache.commons.lang3.text.StrTokenizerTest" name="testBasic4" time="0"/>
  <testcase classname="org.apache.commons.lang3.text.StrTokenizerTest" name="testBasic5" time="0"/>
  <testcase classname="org.apache.commons.lang3.text.StrTokenizerTest" name="testGetContent" time="0"/>
  <testcase classname="org.apache.commons.lang3.text.StrTokenizerTest" name="testCloneReset" time="0"/>
  <testcase classname="org.apache.commons.lang3.text.StrTokenizerTest" name="testBasicTrimmed1" time="0"/>
  <testcase classname="org.apache.commons.lang3.text.StrTokenizerTest" name="testBasicTrimmed2" time="0"/>
  <testcase classname="org.apache.commons.lang3.text.StrTokenizerTest" name="testChaining" time="0"/>
</testsuite>