<?xml version="1.0" encoding="UTF-8" ?>
<testsuite tests="42" failures="0" name="org.apache.commons.lang3.ConversionTest" time="0.06" errors="0" skipped="0">
  <properties>
[...]
</properties>
  <testcase classname="org.apache.commons.lang3.ConversionTest" name="testBinaryToHexDigit" time="0.018"/>
  <testcase classname="org.apache.commons.lang3.ConversionTest" name="testIntToBinary" time="0"/>
  <testcase classname="org.apache.commons.lang3.ConversionTest" name="testShortArrayToInt" time="0"/>
  <testcase classname="org.apache.commons.lang3.ConversionTest" name="testBinaryToHexDigit_2args" time="0"/>
  <testcase classname="org.apache.commons.lang3.ConversionTest" name="testBinaryBeMsb0ToHexDigit_2args" time="0"/>
  <testcase classname="org.apache.commons.lang3.ConversionTest" name="testByteToHex" time="0.012"/>
  <testcase classname="org.apache.commons.lang3.ConversionTest" name="testBinaryBeMsb0ToHexDigit" time="0"/>
  <testcase classname="org.apache.commons.lang3.ConversionTest" name="testBinaryToShort" time="0"/>
  <testcase classname="org.apache.commons.lang3.ConversionTest" name="testShortToBinary" time="0"/>
  <testcase classname="org.apache.commons.lang3.ConversionTest" name="testBinaryToHexDigitMsb0_bits" time="0"/>
  <testcase classname="org.apache.commons.lang3.ConversionTest" name="testHexToByte" time="0"/>
  <testcase classname="org.apache.commons.lang3.ConversionTest" name="testHexToLong" time="0"/>
  <testcase classname="org.apache.commons.lang3.ConversionTest" name="testShortArrayToLong" time="0"/>
  <testcase classname="org.apache.commons.lang3.ConversionTest" name="testByteArrayToLong" time="0"/>
  <testcase classname="org.apache.commons.lang3.ConversionTest" name="testByteArrayToUuid" time="0.003"/>
  <testcase classname="org.apache.commons.lang3.ConversionTest" name="testLongToShortArray" time="0"/>
  <testcase classname="org.apache.commons.lang3.ConversionTest" name="testHexDigitMsb0ToBinary" time="0"/>
  <testcase classname="org.apache.commons.lang3.ConversionTest" name="testUuidToByteArray" time="0.001"/>
  <testcase classname="org.apache.commons.lang3.ConversionTest" name="testIntToShortArray" time="0.009"/>
  <testcase classname="org.apache.commons.lang3.ConversionTest" name="testIntArrayToLong" time="0.001"/>
  <testcase classname="org.apache.commons.lang3.ConversionTest" name="testHexDigitMsb0ToInt" time="0.002"/>
  <testcase classname="org.apache.commons.lang3.ConversionTest" name="testShortToByteArray" time="0"/>
  <testcase classname="org.apache.commons.lang3.ConversionTest" name="testHexDigitToBinary" time="0.006"/>
  <testcase classname="org.apache.commons.lang3.ConversionTest" name="testHexToInt" time="0"/>
  <testcase classname="org.apache.commons.lang3.ConversionTest" name="testIntToByteArray" time="0"/>
  <testcase classname="org.apache.commons.lang3.ConversionTest" name="testIntToHexDigitMsb0" time="0"/>
  <testcase classname="org.apache.commons.lang3.ConversionTest" name="testLongToByteArray" time="0.001"/>
  <testcase classname="org.apache.commons.lang3.ConversionTest" name="testLongToBinary" time="0"/>
  <testcase classname="org.apache.commons.lang3.ConversionTest" name="testHexDigitToInt" time="0"/>
  <testcase classname="org.apache.commons.lang3.ConversionTest" name="testLongToHex" time="0.001"/>
  <testcase classname="org.apache.commons.lang3.ConversionTest" name="testShortToHex" time="0"/>
  <testcase classname="org.apache.commons.lang3.ConversionTest" name="testLongToIntArray" time="0.005"/>
  <testcase classname="org.apache.commons.lang3.ConversionTest" name="testByteToBinary" time="0"/>
  <testcase classname="org.apache.commons.lang3.ConversionTest" name="testBinaryToByte" time="0"/>
  <testcase classname="org.apache.commons.lang3.ConversionTest" name="testBinaryToLong" time="0"/>
  <testcase classname="org.apache.commons.lang3.ConversionTest" name="testIntToHex" time="0"/>
  <testcase classname="org.apache.commons.lang3.ConversionTest" name="testByteArrayToInt" time="0.001"/>
  <testcase classname="org.apache.commons.lang3.ConversionTest" name="testHexToShort" time="0"/>
  <testcase classname="org.apache.commons.lang3.ConversionTest" name="testIntToHexDigit" time="0"/>
  <testcase classname="org.apache.commons.lang3.ConversionTest" name="testBinaryToHexDigitMsb0_4bits_2args" time="0"/>
  <testcase classname="org.apache.commons.lang3.ConversionTest" name="testByteArrayToShort" time="0"/>
  <testcase classname="org.apache.commons.lang3.ConversionTest" name="testBinaryToInt" time="0"/>
</testsuite>