<?xml version="1.0" encoding="UTF-8" ?>
<testsuite tests="29" failures="0" name="org.apache.commons.lang3.time.FastDateParserTest" time="24.951" errors="0" skipped="0">
  <properties>
[...]
</properties>
  <testcase classname="org.apache.commons.lang3.time.FastDateParserTest" name="testSpecialCharacters" time="0"/>
  <testcase classname="org.apache.commons.lang3.time.FastDateParserTest" name="testShortDateStyleWithLocales" time="0"/>
  <testcase classname="org.apache.commons.lang3.time.FastDateParserTest" name="testMilleniumBug" time="0"/>
  <testcase classname="org.apache.commons.lang3.time.FastDateParserTest" name="testLocaleMatches" time="0.098"/>
  <testcase classname="org.apache.commons.lang3.time.FastDateParserTest" name="testDayOf" time="0.001"/>
  <testcase classname="org.apache.commons.lang3.time.FastDateParserTest" name="testParseZone" time="0"/>
  <testcase classname="org.apache.commons.lang3.time.FastDateParserTest" name="testAmPm" time="0.001"/>
  <testcase classname="org.apache.commons.lang3.time.FastDateParserTest" name="testLowYearPadding" time="0"/>
  <testcase classname="org.apache.commons.lang3.time.FastDateParserTest" name="testLocales_Long_AD" time="23.142"/>
  <testcase classname="org.apache.commons.lang3.time.FastDateParserTest" name="testLocales_Long_BC" time="0.189"/>
  <testcase classname="org.apache.commons.lang3.time.FastDateParserTest" name="testParseNumerics" time="0"/>
  <testcase classname="org.apache.commons.lang3.time.FastDateParserTest" name="testLang303" time="0"/>
  <testcase classname="org.apache.commons.lang3.time.FastDateParserTest" name="testLang538" time="0"/>
  <testcase classname="org.apache.commons.lang3.time.FastDateParserTest" name="testToStringContainsName" time="0"/>
  <testcase classname="org.apache.commons.lang3.time.FastDateParserTest" name="testLANG_831" time="0"/>
  <testcase classname="org.apache.commons.lang3.time.FastDateParserTest" name="testLANG_832" time="0.001"/>
  <testcase classname="org.apache.commons.lang3.time.FastDateParserTest" name="test_Equality_Hash" time="0"/>
  <testcase classname="org.apache.commons.lang3.time.FastDateParserTest" name="testLocales_ShortNoEra_AD" time="0.181"/>
  <testcase classname="org.apache.commons.lang3.time.FastDateParserTest" name="testLocales_ShortNoEra_BC" time="0.198"/>
  <testcase classname="org.apache.commons.lang3.time.FastDateParserTest" name="testParseLongShort" time="0.001"/>
  <testcase classname="org.apache.commons.lang3.time.FastDateParserTest" name="testLocales_LongNoEra_AD" time="0.189"/>
  <testcase classname="org.apache.commons.lang3.time.FastDateParserTest" name="testLocales_LongNoEra_BC" time="0.185"/>
  <testcase classname="org.apache.commons.lang3.time.FastDateParserTest" name="testLocales_Short_AD" time="0.192"/>
  <testcase classname="org.apache.commons.lang3.time.FastDateParserTest" name="testLocales_Short_BC" time="0.2"/>
  <testcase classname="org.apache.commons.lang3.time.FastDateParserTest" name="testEquals" time="0"/>
  <testcase classname="org.apache.commons.lang3.time.FastDateParserTest" name="testParses" time="0.372"/>
  <testcase classname="org.apache.commons.lang3.time.FastDateParserTest" name="testQuotes" time="0.001"/>
  <testcase classname="org.apache.commons.lang3.time.FastDateParserTest" name="testTimeZoneMatches" time="0"/>
  <testcase classname="org.apache.commons.lang3.time.FastDateParserTest" name="testPatternMatches" time="0"/>
</testsuite>