<?xml version="1.0" encoding="UTF-8" ?>
<testsuite tests="13" failures="0" name="org.apache.commons.lang3.LocaleUtilsTest" time="0.024" errors="0" skipped="0">
  <properties>
[...]
</properties>
  <testcase classname="org.apache.commons.lang3.LocaleUtilsTest" name="testAvailableLocaleSet" time="0.013"/>
  <testcase classname="org.apache.commons.lang3.LocaleUtilsTest" name="testIsAvailableLocale" time="0.002"/>
  <testcase classname="org.apache.commons.lang3.LocaleUtilsTest" name="testAvailableLocaleList" time="0.001"/>
  <testcase classname="org.apache.commons.lang3.LocaleUtilsTest" name="testLang328" time="0.001"/>
  <testcase classname="org.apache.commons.lang3.LocaleUtilsTest" name="testLang865" time="0"/>
  <testcase classname="org.apache.commons.lang3.LocaleUtilsTest" name="testCountriesByLanguage" time="0.001"/>
  <testcase classname="org.apache.commons.lang3.LocaleUtilsTest" name="testLocaleLookupList_LocaleLocale" time="0.001"/>
  <testcase classname="org.apache.commons.lang3.LocaleUtilsTest" name="testLanguagesByCountry" time="0.001"/>
  <testcase classname="org.apache.commons.lang3.LocaleUtilsTest" name="testToLocale_1Part" time="0"/>
  <testcase classname="org.apache.commons.lang3.LocaleUtilsTest" name="testToLocale_2Part" time="0.002"/>
  <testcase classname="org.apache.commons.lang3.LocaleUtilsTest" name="testToLocale_3Part" time="0.001"/>
  <testcase classname="org.apache.commons.lang3.LocaleUtilsTest" name="testLocaleLookupList_Locale" time="0.001"/>
  <testcase classname="org.apache.commons.lang3.LocaleUtilsTest" name="testConstructor" time="0"/>
</testsuite>